143246	b'STS READY\n'
143250	b'SINX 10\n'
143254	b'NAM 10 Pre\n'
143258	b'WGH 10 1.000000\n'
143305	b'STS RUN\n'
143316	b'SEQ 1 0 #*#\nSEQ 1 0 #*#\n'
143317	b'SEQ 2 0 #*#\nSEQ 2 0 #*#\n'
143318	b'SEQ 3 0 #*#\nSEQ 3 0 #*#\n'
143319	b'SEQ 4 1 #Autozero delay#\nSEQ 4 1 #Autozero delay#\n'
143330	b'SEQ 5 2 #Autozero#\nSEQ 5 2 #Autozero#\n'
143331	b'SEQ 6 2 #Autozero#\nSEQ 6 2 #Autozero#\n'
143343	b'SEQ 7 3 #Basislinie#\nSEQ 7 3 #Basislinie#\nSEQ 7 3 #Basislinie#\n'
143347	b'SEQ 8 3 #Basislinie#\nSEQ 8 3 #Basislinie#\nSEQ 8 3 #Basislinie#\n'
143349	b'SEQ 9 3 #Basislinie#\nSEQ 9 3 #Basislinie#\nSEQ 9 3 #Basislinie#\n'
143354	b'SEQ 10 3 #Basislinie#\nSEQ 10 3 #Basislinie#\nSEQ 10 3 #Basislinie#\n'
143401	b'SEQ 11 3 #Basislinie#\nSEQ 11 3 #Basislinie#\nSEQ 11 3 #Basislinie#\n'
143402	b'SEQ 12 3 #Basislinie#\nSEQ 12 3 #Basislinie#\nSEQ 12 3 #Basislinie#\n'
143403	b'SEQ 13 4 #Feeding#\nSEQ 13 4 #Feeding#\nSEQ 13 4 #Feeding#\n'
143407	b'SEQ 14 5 #Flush#\nSEQ 14 5 #Flush#\nSEQ 14 5 #Flush#\n'
143427	b'SEQ 15 6 #Throw-in sample#\nSEQ 15 6 #Throw-in sample#\nSEQ 15 6 #Throw-in sample#\n'
143431	b'SEQ 16 6 #Throw-in sample#\nSEQ 16 6 #Throw-in sample#\nSEQ 16 6 #Throw-in sample#\n'
143432	b'SEQ 17 6 #Throw-in sample#\nSEQ 17 6 #Throw-in sample#\nSEQ 17 6 #Throw-in sample#\n'
143433	b'SEQ 18 6 #Throw-in sample#\nSEQ 18 6 #Throw-in sample#\nSEQ 18 6 #Throw-in sample#\n'
143434	b'SEQ 19 6 #Throw-in sample#\nSEQ 19 6 #Throw-in sample#\nSEQ 19 6 #Throw-in sample#\n'
143438	b'SEQ 20 7 #Int. delay N#\nSEQ 20 7 #Int. delay N#\nSEQ 20 7 #Int. delay N#\n'
143458	b'SEQ 21 7 #Int. delay N#\nSEQ 21 7 #Int. delay N#\nSEQ 21 7 #Int. delay N#\n'
143500	b'SEQ 22 8 #Integration N#\nSEQ 22 8 #Integration N#\nSEQ 22 8 #Integration N#\n'
143634	b'SEQ 23 9 #Ads. column C#\nSEQ 23 9 #Ads. column C#\nSEQ 23 9 #Ads. column C#\n'
143635	b'SEQ 24 9 #Ads. column C#\nSEQ 24 9 #Ads. column C#\nSEQ 24 9 #Ads. column C#\n'
143636	b'SEQ 25 10 #Autozero delay#\nSEQ 25 10 #Autozero delay#\nSEQ 25 10 #Autozero delay#\n'
143652	b'SEQ 26 11 #Autozero C#\nSEQ 26 11 #Autozero C#\nSEQ 26 11 #Autozero C#\n'
143653	b'SEQ 27 11 #Autozero C#\nSEQ 27 11 #Autozero C#\nSEQ 27 11 #Autozero C#\n'
143705	b'SEQ 28 12 #Basislinie#\nSEQ 28 12 #Basislinie#\nSEQ 28 12 #Basislinie#\n'
143708	b'SEQ 29 12 #Basislinie#\nSEQ 29 12 #Basislinie#\nSEQ 29 12 #Basislinie#\n'
143710	b'SEQ 30 13 #Int. delay C#\nSEQ 30 13 #Int. delay C#\nSEQ 30 13 #Int. delay C#\n'
143713	b'SEQ 31 13 #Int. delay C#\nSEQ 31 13 #Int. delay C#\nSEQ 31 13 #Int. delay C#\n'
143714	b'SEQ 32 14 #Integration C#\nSEQ 32 14 #Integration C#\nSEQ 32 14 #Integration C#\n'
143909	b'SEQ 33 15 #Ads. column H#\nSEQ 33 15 #Ads. column H#\nSEQ 33 15 #Ads. column H#\n'
143910	b'SEQ 34 15 #Ads. column H#\nSEQ 34 15 #Ads. column H#\nSEQ 34 15 #Ads. column H#\n'
143913	b'PCT 10 C 0.000000\n'
143917	b'PCT 10 N 0.000000\n'
144011	b'SEQ 35 15 #Ads. column H#\nSEQ 35 15 #Ads. column H#\nSEQ 35 15 #Ads. column H#\n'
144012	b'SEQ 36 15 #Ads. column H#\nSEQ 36 15 #Ads. column H#\nSEQ 36 15 #Ads. column H#\n'
144013	b'SEQ 37 15 #Ads. column H#\nSEQ 37 15 #Ads. column H#\nSEQ 37 15 #Ads. column H#\n'
144014	b'SEQ 38 16 #Cooling#\nSEQ 38 16 #Cooling#\nSEQ 38 16 #Cooling#\n'
144056	b'SEQ 39 16 #Cooling#\nSEQ 39 16 #Cooling#\nSEQ 39 16 #Cooling#\n'
144058	b'SEQ 40 16 #Cooling#\nSEQ 40 16 #Cooling#\nSEQ 40 16 #Cooling#\n'
144058	b'SEQ 41 17 #End of analysis#\nSEQ 41 17 #End of analysis#\nSEQ 41 17 #End of analysis#\n'
144100	b'SEQ 42 18 #Error inquiry#\nSEQ 42 18 #Error inquiry#\nSEQ 42 18 #Error inquiry#\n'
144344	b'STS READY\n'
144348	b'SINX 11\n'
144352	b'NAM 11 C3\n'
144356	b'WGH 11 2.420000\n'
144403	b'STS RUN\n'
144413	b'SEQ 1 0 #*#\nSEQ 1 0 #*#\nSEQ 1 0 #*#\n'
144414	b'SEQ 2 0 #*#\nSEQ 2 0 #*#\nSEQ 2 0 #*#\n'
144415	b'SEQ 3 0 #*#\nSEQ 3 0 #*#\nSEQ 3 0 #*#\n'
144416	b'SEQ 4 1 #Autozero delay#\nSEQ 4 1 #Autozero delay#\nSEQ 4 1 #Autozero delay#\n'
144427	b'SEQ 5 2 #Autozero#\nSEQ 5 2 #Autozero#\nSEQ 5 2 #Autozero#\n'
144428	b'SEQ 6 2 #Autozero#\nSEQ 6 2 #Autozero#\nSEQ 6 2 #Autozero#\n'
144440	b'SEQ 7 3 #Basislinie#\nSEQ 7 3 #Basislinie#\nSEQ 7 3 #Basislinie#\n'
144443	b'SEQ 8 3 #Basislinie#\nSEQ 8 3 #Basislinie#\nSEQ 8 3 #Basislinie#\nSEQ 8 3 #Basislinie#\n'
144444	b'SEQ 9 3 #Basislinie#\nSEQ 9 3 #Basislinie#\nSEQ 9 3 #Basislinie#\nSEQ 9 3 #Basislinie#\n'
144449	b'SEQ 10 3 #Basislinie#\nSEQ 10 3 #Basislinie#\nSEQ 10 3 #Basislinie#\nSEQ 10 3 #Basislinie#\n'
144455	b'SEQ 11 3 #Basislinie#\nSEQ 11 3 #Basislinie#\nSEQ 11 3 #Basislinie#\nSEQ 11 3 #Basislinie#\n'
144456	b'SEQ 12 3 #Basislinie#\nSEQ 12 3 #Basislinie#\nSEQ 12 3 #Basislinie#\nSEQ 12 3 #Basislinie#\n'
144457	b'SEQ 13 4 #Feeding#\nSEQ 13 4 #Feeding#\nSEQ 13 4 #Feeding#\nSEQ 13 4 #Feeding#\n'
144501	b'SEQ 14 5 #Flush#\nSEQ 14 5 #Flush#\nSEQ 14 5 #Flush#\nSEQ 14 5 #Flush#\n'
144522	b'SEQ 15 6 #Throw-in sample#\nSEQ 15 6 #Throw-in sample#\nSEQ 15 6 #Throw-in sample#\nSEQ 15 6 #Throw-in sample#\n'
144526	b'SEQ 16 6 #Throw-in sample#\nSEQ 16 6 #Throw-in sample#\nSEQ 16 6 #Throw-in sample#\nSEQ 16 6 #Throw-in sample#\n'
144527	b'SEQ 17 6 #Throw-in sample#\nSEQ 17 6 #Throw-in sample#\nSEQ 17 6 #Throw-in sample#\nSEQ 17 6 #Throw-in sample#\n'
144528	b'SEQ 18 6 #Throw-in sample#\nSEQ 18 6 #Throw-in sample#\nSEQ 18 6 #Throw-in sample#\nSEQ 18 6 #Throw-in sample#\n'
144529	b'SEQ 19 6 #Throw-in sample#\nSEQ 19 6 #Throw-in sample#\nSEQ 19 6 #Throw-in sample#\nSEQ 19 6 #Throw-in sample#\n'
144533	b'SEQ 20 7 #Int. delay N#\nSEQ 20 7 #Int. delay N#\nSEQ 20 7 #Int. delay N#\nSEQ 20 7 #Int. delay N#\n'
144553	b'SEQ 21 7 #Int. delay N#\nSEQ 21 7 #Int. delay N#\nSEQ 21 7 #Int. delay N#\nSEQ 21 7 #Int. delay N#\n'
144554	b'SEQ 22 8 #Integration N#\nSEQ 22 8 #Integration N#\nSEQ 22 8 #Integration N#\nSEQ 22 8 #Integration N#\n'
144728	b'SEQ 23 9 #Ads. column C#\nSEQ 23 9 #Ads. column C#\nSEQ 23 9 #Ads. column C#\nSEQ 23 9 #Ads. column C#\n'
144729	b'SEQ 24 9 #Ads. column C#\nSEQ 24 9 #Ads. column C#\nSEQ 24 9 #Ads. column C#\nSEQ 24 9 #Ads. column C#\n'
144730	b'SEQ 25 10 #Autozero delay#\nSEQ 25 10 #Autozero delay#\nSEQ 25 10 #Autozero delay#\nSEQ 25 10 #Autozero delay#\n'
144746	b'SEQ 26 11 #Autozero C#\nSEQ 26 11 #Autozero C#\nSEQ 26 11 #Autozero C#\nSEQ 26 11 #Autozero C#\n'
144747	b'SEQ 27 11 #Autozero C#\nSEQ 27 11 #Autozero C#\nSEQ 27 11 #Autozero C#\nSEQ 27 11 #Autozero C#\n'
144800	b'SEQ 28 12 #Basislinie#\nSEQ 28 12 #Basislinie#\nSEQ 28 12 #Basislinie#\nSEQ 28 12 #Basislinie#\n'
144803	b'SEQ 29 12 #Basislinie#\nSEQ 29 12 #Basislinie#\nSEQ 29 12 #Basislinie#\nSEQ 29 12 #Basislinie#\n'
144806	b'SEQ 30 13 #Int. delay C#\nSEQ 30 13 #Int. delay C#\nSEQ 30 13 #Int. delay C#\nSEQ 30 13 #Int. delay C#\n'
144809	b'SEQ 31 13 #Int. delay C#\nSEQ 31 13 #Int. delay C#\nSEQ 31 13 #Int. delay C#\nSEQ 31 13 #Int. delay C#\n'
144810	b'SEQ 32 14 #Integration C#\nSEQ 32 14 #Integration C#\nSEQ 32 14 #Integration C#\nSEQ 32 14 #Integration C#\n'
145035	b'SEQ 33 15 #Ads. column H#\nSEQ 33 15 #Ads. column H#\nSEQ 33 15 #Ads. column H#\nSEQ 33 15 #Ads. column H#\n'
145036	b'SEQ 34 15 #Ads. column H#\nSEQ 34 15 #Ads. column H#\nSEQ 34 15 #Ads. column H#\nSEQ 34 15 #Ads. column H#\n'
145041	b'PCT 11 C 45.104877\n'
145045	b'PCT 11 N 0.000000\n'
145136	b'SEQ 35 15 #Ads. column H#\nSEQ 35 15 #Ads. column H#\nSEQ 35 15 #Ads. column H#\nSEQ 35 15 #Ads. column H#\n'
145137	b'SEQ 36 15 #Ads. column H#\nSEQ 36 15 #Ads. column H#\nSEQ 36 15 #Ads. column H#\nSEQ 36 15 #Ads. column H#\n'
145138	b'SEQ 37 15 #Ads. column H#\nSEQ 37 15 #Ads. column H#\nSEQ 37 15 #Ads. column H#\nSEQ 37 15 #Ads. column H#\n'
145139	b'SEQ 38 16 #Cooling#\nSEQ 38 16 #Cooling#\nSEQ 38 16 #Cooling#\nSEQ 38 16 #Cooling#\n'
145221	b'SEQ 39 16 #Cooling#\nSEQ 39 16 #Cooling#\nSEQ 39 16 #Cooling#\nSEQ 39 16 #Cooling#\n'
145222	b'SEQ 40 16 #Cooling#\nSEQ 40 16 #Cooling#\nSEQ 40 16 #Cooling#\nSEQ 40 16 #Cooling#\n'
145223	b'SEQ 41 17 #End of analysis#\nSEQ 41 17 #End of analysis#\nSEQ 41 17 #End of analysis#\nSEQ 41 17 #End of analysis#\n'
145224	b'SEQ 42 18 #Error inquiry#\nSEQ 42 18 #Error inquiry#\nSEQ 42 18 #Error inquiry#\nSEQ 42 18 #Error inquiry#\n'
145640	b'STS READY\n'
145644	b'SINX 12\n'
145648	b'NAM 12 C3\n'
145652	b'WGH 12 2.500000\n'
145659	b'STS RUN\n'
145710	b'SEQ 1 0 #*#\nSEQ 1 0 #*#\nSEQ 1 0 #*#\nSEQ 1 0 #*#\n'
145711	b'SEQ 2 0 #*#\nSEQ 2 0 #*#\nSEQ 2 0 #*#\nSEQ 2 0 #*#\n'
145712	b'SEQ 3 0 #*#\nSEQ 3 0 #*#\nSEQ 3 0 #*#\nSEQ 3 0 #*#\n'
145713	b'SEQ 4 1 #Autozero delay#\nSEQ 4 1 #Autozero delay#\nSEQ 4 1 #Autozero delay#\nSEQ 4 1 #Autozero delay#\n'
145723	b'SEQ 5 2 #Autozero#\nSEQ 5 2 #Autozero#\nSEQ 5 2 #Autozero#\nSEQ 5 2 #Autozero#\n'
145724	b'SEQ 6 2 #Autozero#\nSEQ 6 2 #Autozero#\nSEQ 6 2 #Autozero#\nSEQ 6 2 #Autozero#\n'
145737	b'SEQ 7 3 #Basislinie#\nSEQ 7 3 #Basislinie#\nSEQ 7 3 #Basislinie#\nSEQ 7 3 #Basislinie#\n'
145740	b'SEQ 8 3 #Basislinie#\nSEQ 8 3 #Basislinie#\nSEQ 8 3 #Basislinie#\nSEQ 8 3 #Basislinie#\nSEQ 8 3 #Basislinie#\n'
145741	b'SEQ 9 3 #Basislinie#\nSEQ 9 3 #Basislinie#\nSEQ 9 3 #Basislinie#\nSEQ 9 3 #Basislinie#\nSEQ 9 3 #Basislinie#\n'
145746	b'SEQ 10 3 #Basislinie#\nSEQ 10 3 #Basislinie#\nSEQ 10 3 #Basislinie#\nSEQ 10 3 #Basislinie#\nSEQ 10 3 #Basislinie#\n'
145752	b'SEQ 11 3 #Basislinie#\nSEQ 11 3 #Basislinie#\nSEQ 11 3 #Basislinie#\nSEQ 11 3 #Basislinie#\nSEQ 11 3 #Basislinie#\n'
145754	b'SEQ 12 3 #Basislinie#\nSEQ 12 3 #Basislinie#\nSEQ 12 3 #Basislinie#\nSEQ 12 3 #Basislinie#\nSEQ 12 3 #Basislinie#\nSEQ 13 4 #Feeding#\nSEQ 13 4 #Feeding#\nSEQ 13 4 #Feeding#\nSEQ 13 4 #Feeding#\nSEQ 13 4 #Feeding#\n'
145759	b'SEQ 14 5 #Flush#\nSEQ 14 5 #Flush#\nSEQ 14 5 #Flush#\nSEQ 14 5 #Flush#\nSEQ 14 5 #Flush#\n'
145819	b'SEQ 15 6 #Throw-in sample#\nSEQ 15 6 #Throw-in sample#\nSEQ 15 6 #Throw-in sample#\nSEQ 15 6 #Throw-in sample#\nSEQ 15 6 #Throw-in sample#\n'
145823	b'SEQ 16 6 #Throw-in sample#\nSEQ 16 6 #Throw-in sample#\nSEQ 16 6 #Throw-in sample#\nSEQ 16 6 #Throw-in sample#\nSEQ 16 6 #Throw-in sample#\n'
145824	b'SEQ 17 6 #Throw-in sample#\nSEQ 17 6 #Throw-in sample#\nSEQ 17 6 #Throw-in sample#\nSEQ 17 6 #Throw-in sample#\nSEQ 17 6 #Throw-in sample#\n'
145825	b'SEQ 18 6 #Throw-in sample#\nSEQ 18 6 #Throw-in sample#\nSEQ 18 6 #Throw-in sample#\nSEQ 18 6 #Throw-in sample#\nSEQ 18 6 #Throw-in sample#\n'
145826	b'SEQ 19 6 #Throw-in sample#\nSEQ 19 6 #Throw-in sample#\nSEQ 19 6 #Throw-in sample#\nSEQ 19 6 #Throw-in sample#\nSEQ 19 6 #Throw-in sample#\n'
145830	b'SEQ 20 7 #Int. delay N#\nSEQ 20 7 #Int. delay N#\nSEQ 20 7 #Int. delay N#\nSEQ 20 7 #Int. delay N#\nSEQ 20 7 #Int. delay N#\n'
145851	b'SEQ 21 7 #Int. delay N#\nSEQ 21 7 #Int. delay N#\nSEQ 21 7 #Int. delay N#\nSEQ 21 7 #Int. delay N#\nSEQ 21 7 #Int. delay N#\n'
145852	b'SEQ 22 8 #Integration N#\nSEQ 22 8 #Integration N#\nSEQ 22 8 #Integration N#\nSEQ 22 8 #Integration N#\nSEQ 22 8 #Integration N#\n'
150025	b'SEQ 23 9 #Ads. column C#\nSEQ 23 9 #Ads. column C#\nSEQ 23 9 #Ads. column C#\nSEQ 23 9 #Ads. column C#\nSEQ 23 9 #Ads. column C#\n'
150026	b'SEQ 24 9 #Ads. column C#\nSEQ 24 9 #Ads. column C#\nSEQ 24 9 #Ads. column C#\nSEQ 24 9 #Ads. column C#\nSEQ 24 9 #Ads. column C#\n'
150027	b'SEQ 25 10 #Autozero delay#\nSEQ 25 10 #Autozero delay#\nSEQ 25 10 #Autozero delay#\nSEQ 25 10 #Autozero delay#\nSEQ 25 10 #Autozero delay#\n'
150043	b'SEQ 26 11 #Autozero C#\nSEQ 26 11 #Autozero C#\nSEQ 26 11 #Autozero C#\nSEQ 26 11 #Autozero C#\nSEQ 26 11 #Autozero C#\n'
150044	b'SEQ 27 11 #Autozero C#\nSEQ 27 11 #Autozero C#\nSEQ 27 11 #Autozero C#\nSEQ 27 11 #Autozero C#\nSEQ 27 11 #Autozero C#\n'
150056	b'SEQ 28 12 #Basislinie#\nSEQ 28 12 #Basislinie#\nSEQ 28 12 #Basislinie#\nSEQ 28 12 #Basislinie#\nSEQ 28 12 #Basislinie#\n'
150059	b'SEQ 29 12 #Basislinie#\nSEQ 29 12 #Basislinie#\nSEQ 29 12 #Basislinie#\nSEQ 29 12 #Basislinie#\nSEQ 29 12 #Basislinie#\n'
150101	b'SEQ 30 13 #Int. delay C#\nSEQ 30 13 #Int. delay C#\nSEQ 30 13 #Int. delay C#\nSEQ 30 13 #Int. delay C#\nSEQ 30 13 #Int. delay C#\n'
150104	b'SEQ 31 13 #Int. delay C#\nSEQ 31 13 #Int. delay C#\nSEQ 31 13 #Int. delay C#\nSEQ 31 13 #Int. delay C#\nSEQ 31 13 #Int. delay C#\n'
150105	b'SEQ 32 14 #Integration C#\nSEQ 32 14 #Integration C#\nSEQ 32 14 #Integration C#\nSEQ 32 14 #Integration C#\nSEQ 32 14 #Integration C#\n'
150330	b'SEQ 33 15 #Ads. column H#\nSEQ 33 15 #Ads. column H#\nSEQ 33 15 #Ads. column H#\nSEQ 33 15 #Ads. column H#\nSEQ 33 15 #Ads. column H#\n'
150331	b'SEQ 34 15 #Ads. column H#\nSEQ 34 15 #Ads. column H#\nSEQ 34 15 #Ads. column H#\nSEQ 34 15 #Ads. column H#\nSEQ 34 15 #Ads. column H#\n'
150335	b'PCT 12 C 42.492222\n'
150339	b'PCT 12 N 0.000000\n'
150431	b'SEQ 35 15 #Ads. column H#\nSEQ 35 15 #Ads. column H#\nSEQ 35 15 #Ads. column H#\nSEQ 35 15 #Ads. column H#\nSEQ 35 15 #Ads. column H#\n'
150432	b'SEQ 36 15 #Ads. column H#\nSEQ 36 15 #Ads. column H#\nSEQ 36 15 #Ads. column H#\nSEQ 36 15 #Ads. column H#\nSEQ 36 15 #Ads. column H#\n'
150433	b'SEQ 37 15 #Ads. column H#\nSEQ 37 15 #Ads. column H#\nSEQ 37 15 #Ads. column H#\nSEQ 37 15 #Ads. column H#\nSEQ 37 15 #Ads. column H#\n'
150434	b'SEQ 38 16 #Cooling#\nSEQ 38 16 #Cooling#\nSEQ 38 16 #Cooling#\nSEQ 38 16 #Cooling#\nSEQ 38 16 #Cooling#\n'
150518	b'SEQ 39 16 #Cooling#\nSEQ 39 16 #Cooling#\nSEQ 39 16 #Cooling#\nSEQ 39 16 #Cooling#\nSEQ 39 16 #Cooling#\n'
150519	b'SEQ 40 16 #Cooling#\nSEQ 40 16 #Cooling#\nSEQ 40 16 #Cooling#\nSEQ 40 16 #Cooling#\nSEQ 40 16 #Cooling#\n'
150520	b'SEQ 41 17 #End of analysis#\nSEQ 41 17 #End of analysis#\nSEQ 41 17 #End of analysis#\nSEQ 41 17 #End of analysis#\nSEQ 41 17 #End of analysis#\n'
150522	b'SEQ 42 18 #Error inquiry#\nSEQ 42 18 #Error inquiry#\nSEQ 42 18 #Error inquiry#\nSEQ 42 18 #Error inquiry#\nSEQ 42 18 #Error inquiry#\n'
150935	b'STS READY\n'
150939	b'SINX 13\n'
150943	b'NAM 13 C3\n'
150947	b'WGH 13 2.420000\n'
150954	b'STS RUN\n'
151005	b'SEQ 1 0 #*#\nSEQ 1 0 #*#\nSEQ 1 0 #*#\nSEQ 1 0 #*#\nSEQ 1 0 #*#\n'
151006	b'SEQ 2 0 #*#\nSEQ 2 0 #*#\nSEQ 2 0 #*#\nSEQ 2 0 #*#\nSEQ 2 0 #*#\n'
151007	b'SEQ 3 0 #*#\nSEQ 3 0 #*#\nSEQ 3 0 #*#\nSEQ 3 0 #*#\nSEQ 3 0 #*#\n'
151008	b'SEQ 4 1 #Autozero delay#\nSEQ 4 1 #Autozero delay#\nSEQ 4 1 #Autozero delay#\nSEQ 4 1 #Autozero delay#\nSEQ 4 1 #Autozero delay#\n'
151019	b'SEQ 5 2 #Autozero#\nSEQ 5 2 #Autozero#\nSEQ 5 2 #Autozero#\nSEQ 5 2 #Autozero#\nSEQ 5 2 #Autozero#\n'
151020	b'SEQ 6 2 #Autozero#\nSEQ 6 2 #Autozero#\nSEQ 6 2 #Autozero#\nSEQ 6 2 #Autozero#\nSEQ 6 2 #Autozero#\n'
151032	b'SEQ 7 3 #Basislinie#\nSEQ 7 3 #Basislinie#\nSEQ 7 3 #Basislinie#\nSEQ 7 3 #Basislinie#\nSEQ 7 3 #Basislinie#\nSEQ 7 3 #Basislinie#\n'
151035	b'SEQ 8 3 #Basislinie#\nSEQ 8 3 #Basislinie#\nSEQ 8 3 #Basislinie#\nSEQ 8 3 #Basislinie#\nSEQ 8 3 #Basislinie#\nSEQ 8 3 #Basislinie#\n'
151036	b'SEQ 9 3 #Basislinie#\nSEQ 9 3 #Basislinie#\nSEQ 9 3 #Basislinie#\nSEQ 9 3 #Basislinie#\nSEQ 9 3 #Basislinie#\nSEQ 9 3 #Basislinie#\n'
151041	b'SEQ 10 3 #Basislinie#\nSEQ 10 3 #Basislinie#\nSEQ 10 3 #Basislinie#\nSEQ 10 3 #Basislinie#\nSEQ 10 3 #Basislinie#\nSEQ 10 3 #Basislinie#\n'
151047	b'SEQ 11 3 #Basislinie#\nSEQ 11 3 #Basislinie#\nSEQ 11 3 #Basislinie#\nSEQ 11 3 #Basislinie#\nSEQ 11 3 #Basislinie#\nSEQ 11 3 #Basislinie#\n'
151049	b'SEQ 12 3 #Basislinie#\nSEQ 12 3 #Basislinie#\nSEQ 12 3 #Basislinie#\nSEQ 12 3 #Basislinie#\nSEQ 12 3 #Basislinie#\nSEQ 12 3 #Basislinie#\n'
151049	b'SEQ 13 4 #Feeding#\nSEQ 13 4 #Feeding#\nSEQ 13 4 #Feeding#\nSEQ 13 4 #Feeding#\nSEQ 13 4 #Feeding#\nSEQ 13 4 #Feeding#\n'
151054	b'SEQ 14 5 #Flush#\nSEQ 14 5 #Flush#\nSEQ 14 5 #Flush#\nSEQ 14 5 #Flush#\nSEQ 14 5 #Flush#\nSEQ 14 5 #Flush#\n'
151114	b'SEQ 15 6 #Throw-in sample#\nSEQ 15 6 #Throw-in sample#\nSEQ 15 6 #Throw-in sample#\nSEQ 15 6 #Throw-in sample#\nSEQ 15 6 #Throw-in sample#\nSEQ 15 6 #Throw-in sample#\n'
151118	b'SEQ 16 6 #Throw-in sample#\nSEQ 16 6 #Throw-in sample#\nSEQ 16 6 #Throw-in sample#\nSEQ 16 6 #Throw-in sample#\nSEQ 16 6 #Throw-in sample#\nSEQ 16 6 #Throw-in sample#\n'
151119	b'SEQ 17 6 #Throw-in sample#\nSEQ 17 6 #Throw-in sample#\nSEQ 17 6 #Throw-in sample#\nSEQ 17 6 #Throw-in sample#\nSEQ 17 6 #Throw-in sample#\nSEQ 17 6 #Throw-in sample#\n'
151120	b'SEQ 18 6 #Throw-in sample#\nSEQ 18 6 #Throw-in sample#\nSEQ 18 6 #Throw-in sample#\nSEQ 18 6 #Throw-in sample#\nSEQ 18 6 #Throw-in sample#\nSEQ 18 6 #Throw-in sample#\n'
151121	b'SEQ 19 6 #Throw-in sample#\nSEQ 19 6 #Throw-in sample#\nSEQ 19 6 #Throw-in sample#\nSEQ 19 6 #Throw-in sample#\nSEQ 19 6 #Throw-in sample#\nSEQ 19 6 #Throw-in sample#\n'
151125	b'SEQ 20 7 #Int. delay N#\nSEQ 20 7 #Int. delay N#\nSEQ 20 7 #Int. delay N#\nSEQ 20 7 #Int. delay N#\nSEQ 20 7 #Int. delay N#\nSEQ 20 7 #Int. delay N#\n'
151145	b'SEQ 21 7 #Int. delay N#\nSEQ 21 7 #Int. delay N#\nSEQ 21 7 #Int. delay N#\nSEQ 21 7 #Int. delay N#\nSEQ 21 7 #Int. delay N#\nSEQ 21 7 #Int. delay N#\n'
151146	b'SEQ 22 8 #Integration N#\nSEQ 22 8 #Integration N#\nSEQ 22 8 #Integration N#\nSEQ 22 8 #Integration N#\nSEQ 22 8 #Integration N#\nSEQ 22 8 #Integration N#\n'
151321	b'SEQ 23 9 #Ads. column C#\nSEQ 23 9 #Ads. column C#\nSEQ 23 9 #Ads. column C#\nSEQ 23 9 #Ads. column C#\nSEQ 23 9 #Ads. column C#\nSEQ 23 9 #Ads. column C#\n'
151322	b'SEQ 24 9 #Ads. column C#\nSEQ 24 9 #Ads. column C#\nSEQ 24 9 #Ads. column C#\nSEQ 24 9 #Ads. column C#\nSEQ 24 9 #Ads. column C#\nSEQ 24 9 #Ads. column C#\n'
151323	b'SEQ 25 10 #Autozero delay#\nSEQ 25 10 #Autozero delay#\nSEQ 25 10 #Autozero delay#\nSEQ 25 10 #Autozero delay#\nSEQ 25 10 #Autozero delay#\nSEQ 25 10 #Autozero delay#\n'
151339	b'SEQ 26 11 #Autozero C#\nSEQ 26 11 #Autozero C#\nSEQ 26 11 #Autozero C#\nSEQ 26 11 #Autozero C#\nSEQ 26 11 #Autozero C#\nSEQ 26 11 #Autozero C#\n'
151340	b'SEQ 27 11 #Autozero C#\nSEQ 27 11 #Autozero C#\nSEQ 27 11 #Autozero C#\nSEQ 27 11 #Autozero C#\nSEQ 27 11 #Autozero C#\nSEQ 27 11 #Autozero C#\n'
151352	b'SEQ 28 12 #Basislinie#\nSEQ 28 12 #Basislinie#\nSEQ 28 12 #Basislinie#\nSEQ 28 12 #Basislinie#\nSEQ 28 12 #Basislinie#\nSEQ 28 12 #Basislinie#\n'
151355	b'SEQ 29 12 #Basislinie#\nSEQ 29 12 #Basislinie#\nSEQ 29 12 #Basislinie#\nSEQ 29 12 #Basislinie#\nSEQ 29 12 #Basislinie#\nSEQ 29 12 #Basislinie#\n'
151357	b'SEQ 30 13 #Int. delay C#\nSEQ 30 13 #Int. delay C#\nSEQ 30 13 #Int. delay C#\nSEQ 30 13 #Int. delay C#\nSEQ 30 13 #Int. delay C#\nSEQ 30 13 #Int. delay C#\n'
151400	b'SEQ 31 13 #Int. delay C#\nSEQ 31 13 #Int. delay C#\nSEQ 31 13 #Int. delay C#\nSEQ 31 13 #Int. delay C#\nSEQ 31 13 #Int. delay C#\nSEQ 31 13 #Int. delay C#\n'
151401	b'SEQ 32 14 #Integration C#\nSEQ 32 14 #Integration C#\nSEQ 32 14 #Integration C#\nSEQ 32 14 #Integration C#\nSEQ 32 14 #Integration C#\nSEQ 32 14 #Integration C#\n'
151625	b'SEQ 33 15 #Ads. column H#\nSEQ 33 15 #Ads. column H#\nSEQ 33 15 #Ads. column H#\nSEQ 33 15 #Ads. column H#\nSEQ 33 15 #Ads. column H#\nSEQ 33 15 #Ads. column H#\n'
151626	b'SEQ 34 15 #Ads. column H#\nSEQ 34 15 #Ads. column H#\nSEQ 34 15 #Ads. column H#\nSEQ 34 15 #Ads. column H#\nSEQ 34 15 #Ads. column H#\nSEQ 34 15 #Ads. column H#\n'
151630	b'PCT 13 C 41.194355\n'
151634	b'PCT 13 N 0.000000\n'
151727	b'SEQ 35 15 #Ads. column H#\nSEQ 35 15 #Ads. column H#\nSEQ 35 15 #Ads. column H#\nSEQ 35 15 #Ads. column H#\nSEQ 35 15 #Ads. column H#\nSEQ 35 15 #Ads. column H#\n'
151727	b'SEQ 36 15 #Ads. column H#\nSEQ 36 15 #Ads. column H#\nSEQ 36 15 #Ads. column H#\nSEQ 36 15 #Ads. column H#\nSEQ 36 15 #Ads. column H#\nSEQ 36 15 #Ads. column H#\n'
151729	b'SEQ 37 15 #Ads. column H#\nSEQ 37 15 #Ads. column H#\nSEQ 37 15 #Ads. column H#\nSEQ 37 15 #Ads. column H#\nSEQ 37 15 #Ads. column H#\nSEQ 37 15 #Ads. column H#\n'
151730	b'SEQ 38 16 #Cooling#\nSEQ 38 16 #Cooling#\nSEQ 38 16 #Cooling#\nSEQ 38 16 #Cooling#\nSEQ 38 16 #Cooling#\nSEQ 38 16 #Cooling#\n'
151813	b'SEQ 39 16 #Cooling#\nSEQ 39 16 #Cooling#\nSEQ 39 16 #Cooling#\nSEQ 39 16 #Cooling#\nSEQ 39 16 #Cooling#\nSEQ 39 16 #Cooling#\n'
151814	b'SEQ 40 16 #Cooling#\nSEQ 40 16 #Cooling#\nSEQ 40 16 #Cooling#\nSEQ 40 16 #Cooling#\nSEQ 40 16 #Cooling#\nSEQ 40 16 #Cooling#\n'
151815	b'SEQ 41 17 #End of analysis#\nSEQ 41 17 #End of analysis#\nSEQ 41 17 #End of analysis#\nSEQ 41 17 #End of analysis#\nSEQ 41 17 #End of analysis#\nSEQ 41 17 #End of analysis#\n'
151816	b'SEQ 42 18 #Error inquiry#\nSEQ 42 18 #Error inquiry#\nSEQ 42 18 #Error inquiry#\nSEQ 42 18 #Error inquiry#\nSEQ 42 18 #Error inquiry#\nSEQ 42 18 #Error inquiry#\n'
152229	b'STS READY\n'
152233	b'SINX 14\n'
152237	b'NAM 14 Pre\n'
152241	b'WGH 14 1.000000\n'
152248	b'STS RUN\n'
152258	b'SEQ 1 0 #*#\nSEQ 1 0 #*#\nSEQ 1 0 #*#\nSEQ 1 0 #*#\nSEQ 1 0 #*#\nSEQ 1 0 #*#\n'
152300	b'SEQ 2 0 #*#\nSEQ 2 0 #*#\nSEQ 2 0 #*#\nSEQ 2 0 #*#\nSEQ 2 0 #*#\nSEQ 2 0 #*#\n'
152301	b'SEQ 3 0 #*#\nSEQ 3 0 #*#\nSEQ 3 0 #*#\nSEQ 3 0 #*#\nSEQ 3 0 #*#\nSEQ 3 0 #*#\n'
152302	b'SEQ 4 1 #Autozero delay#\nSEQ 4 1 #Autozero delay#\nSEQ 4 1 #Autozero delay#\nSEQ 4 1 #Autozero delay#\nSEQ 4 1 #Autozero delay#\nSEQ 4 1 #Autozero delay#\n'
152312	b'SEQ 5 2 #Autozero#\nSEQ 5 2 #Autozero#\nSEQ 5 2 #Autozero#\nSEQ 5 2 #Autozero#\nSEQ 5 2 #Autozero#\nSEQ 5 2 #Autozero#\n'
152313	b'SEQ 6 2 #Autozero#\nSEQ 6 2 #Autozero#\nSEQ 6 2 #Autozero#\nSEQ 6 2 #Autozero#\nSEQ 6 2 #Autozero#\nSEQ 6 2 #Autozero#\n'
152325	b'SEQ 7 3 #Basislinie#\nSEQ 7 3 #Basislinie#\nSEQ 7 3 #Basislinie#\nSEQ 7 3 #Basislinie#\nSEQ 7 3 #Basislinie#\nSEQ 7 3 #Basislinie#\n'
152328	b'SEQ 8 3 #Basislinie#\nSEQ 8 3 #Basislinie#\nSEQ 8 3 #Basislinie#\nSEQ 8 3 #Basislinie#\nSEQ 8 3 #Basislinie#\nSEQ 8 3 #Basislinie#\nSEQ 8 3 #Basislinie#\n'
152329	b'SEQ 9 3 #Basislinie#\nSEQ 9 3 #Basislinie#\nSEQ 9 3 #Basislinie#\nSEQ 9 3 #Basislinie#\nSEQ 9 3 #Basislinie#\nSEQ 9 3 #Basislinie#\nSEQ 9 3 #Basislinie#\n'
152334	b'SEQ 10 3 #Basislinie#\nSEQ 10 3 #Basislinie#\nSEQ 10 3 #Basislinie#\nSEQ 10 3 #Basislinie#\nSEQ 10 3 #Basislinie#\nSEQ 10 3 #Basislinie#\nSEQ 10 3 #Basislinie#\n'
152340	b'SEQ 11 3 #Basislinie#\nSEQ 11 3 #Basislinie#\nSEQ 11 3 #Basislinie#\nSEQ 11 3 #Basislinie#\nSEQ 11 3 #Basislinie#\nSEQ 11 3 #Basislinie#\nSEQ 11 3 #Basislinie#\n'
152341	b'SEQ 12 3 #Basislinie#\nSEQ 12 3 #Basislinie#\nSEQ 12 3 #Basislinie#\nSEQ 12 3 #Basislinie#\nSEQ 12 3 #Basislinie#\nSEQ 12 3 #Basislinie#\nSEQ 12 3 #Basislinie#\n'
152342	b'SEQ 13 4 #Feeding#\nSEQ 13 4 #Feeding#\nSEQ 13 4 #Feeding#\nSEQ 13 4 #Feeding#\nSEQ 13 4 #Feeding#\nSEQ 13 4 #Feeding#\nSEQ 13 4 #Feeding#\n'
152346	b'SEQ 14 5 #Flush#\nSEQ 14 5 #Flush#\nSEQ 14 5 #Flush#\nSEQ 14 5 #Flush#\nSEQ 14 5 #Flush#\nSEQ 14 5 #Flush#\nSEQ 14 5 #Flush#\n'
152408	b'SEQ 15 6 #Throw-in sample#\nSEQ 15 6 #Throw-in sample#\nSEQ 15 6 #Throw-in sample#\nSEQ 15 6 #Throw-in sample#\nSEQ 15 6 #Throw-in sample#\nSEQ 15 6 #Throw-in sample#\nSEQ 15 6 #Throw-in sample#\n'
152411	b'SEQ 16 6 #Throw-in sample#\nSEQ 16 6 #Throw-in sample#\nSEQ 16 6 #Throw-in sample#\nSEQ 16 6 #Throw-in sample#\nSEQ 16 6 #Throw-in sample#\nSEQ 16 6 #Throw-in sample#\nSEQ 16 6 #Throw-in sample#\n'
152412	b'SEQ 17 6 #Throw-in sample#\nSEQ 17 6 #Throw-in sample#\nSEQ 17 6 #Throw-in sample#\nSEQ 17 6 #Throw-in sample#\nSEQ 17 6 #Throw-in sample#\nSEQ 17 6 #Throw-in sample#\nSEQ 17 6 #Throw-in sample#\n'
152413	b'SEQ 18 6 #Throw-in sample#\nSEQ 18 6 #Throw-in sample#\nSEQ 18 6 #Throw-in sample#\nSEQ 18 6 #Throw-in sample#\nSEQ 18 6 #Throw-in sample#\nSEQ 18 6 #Throw-in sample#\nSEQ 18 6 #Throw-in sample#\n'
152414	b'SEQ 19 6 #Throw-in sample#\nSEQ 19 6 #Throw-in sample#\nSEQ 19 6 #Throw-in sample#\nSEQ 19 6 #Throw-in sample#\nSEQ 19 6 #Throw-in sample#\nSEQ 19 6 #Throw-in sample#\nSEQ 19 6 #Throw-in sample#\n'
152418	b'SEQ 20 7 #Int. delay N#\nSEQ 20 7 #Int. delay N#\nSEQ 20 7 #Int. delay N#\nSEQ 20 7 #Int. delay N#\nSEQ 20 7 #Int. delay N#\nSEQ 20 7 #Int. delay N#\nSEQ 20 7 #Int. delay N#\n'
152438	b'SEQ 21 7 #Int. delay N#\nSEQ 21 7 #Int. delay N#\nSEQ 21 7 #Int. delay N#\nSEQ 21 7 #Int. delay N#\nSEQ 21 7 #Int. delay N#\nSEQ 21 7 #Int. delay N#\nSEQ 21 7 #Int. delay N#\n'
152439	b'SEQ 22 8 #Integration N#\nSEQ 22 8 #Integration N#\nSEQ 22 8 #Integration N#\nSEQ 22 8 #Integration N#\nSEQ 22 8 #Integration N#\nSEQ 22 8 #Integration N#\nSEQ 22 8 #Integration N#\n'
152613	b'SEQ 23 9 #Ads. column C#\nSEQ 23 9 #Ads. column C#\nSEQ 23 9 #Ads. column C#\nSEQ 23 9 #Ads. column C#\nSEQ 23 9 #Ads. column C#\nSEQ 23 9 #Ads. column C#\nSEQ 23 9 #Ads. column C#\n'
152614	b'SEQ 24 9 #Ads. column C#\nSEQ 24 9 #Ads. column C#\nSEQ 24 9 #Ads. column C#\nSEQ 24 9 #Ads. column C#\nSEQ 24 9 #Ads. column C#\nSEQ 24 9 #Ads. column C#\nSEQ 24 9 #Ads. column C#\n'
152615	b'SEQ 25 10 #Autozero delay#\nSEQ 25 10 #Autozero delay#\nSEQ 25 10 #Autozero delay#\nSEQ 25 10 #Autozero delay#\nSEQ 25 10 #Autozero delay#\nSEQ 25 10 #Autozero delay#\nSEQ 25 10 #Autozero delay#\n'
152631	b'SEQ 26 11 #Autozero C#\nSEQ 26 11 #Autozero C#\nSEQ 26 11 #Autozero C#\nSEQ 26 11 #Autozero C#\nSEQ 26 11 #Autozero C#\nSEQ 26 11 #Autozero C#\nSEQ 26 11 #Autozero C#\n'
152633	b'SEQ 27 11 #Autozero C#\nSEQ 27 11 #Autozero C#\nSEQ 27 11 #Autozero C#\nSEQ 27 11 #Autozero C#\nSEQ 27 11 #Autozero C#\nSEQ 27 11 #Autozero C#\nSEQ 27 11 #Autozero C#\n'
152645	b'SEQ 28 12 #Basislinie#\nSEQ 28 12 #Basislinie#\nSEQ 28 12 #Basislinie#\nSEQ 28 12 #Basislinie#\nSEQ 28 12 #Basislinie#\nSEQ 28 12 #Basislinie#\nSEQ 28 12 #Basislinie#\n'
152648	b'SEQ 29 12 #Basislinie#\nSEQ 29 12 #Basislinie#\nSEQ 29 12 #Basislinie#\nSEQ 29 12 #Basislinie#\nSEQ 29 12 #Basislinie#\nSEQ 29 12 #Basislinie#\nSEQ 29 12 #Basislinie#\n'
152651	b'SEQ 30 13 #Int. delay C#\nSEQ 30 13 #Int. delay C#\nSEQ 30 13 #Int. delay C#\nSEQ 30 13 #Int. delay C#\nSEQ 30 13 #Int. delay C#\nSEQ 30 13 #Int. delay C#\nSEQ 30 13 #Int. delay C#\n'
152655	b'SEQ 31 13 #Int. delay C#\nSEQ 31 13 #Int. delay C#\nSEQ 31 13 #Int. delay C#\nSEQ 31 13 #Int. delay C#\nSEQ 31 13 #Int. delay C#\nSEQ 31 13 #Int. delay C#\nSEQ 31 13 #Int. delay C#\n'
152656	b'SEQ 32 14 #Integration C#\nSEQ 32 14 #Integration C#\nSEQ 32 14 #Integration C#\nSEQ 32 14 #Integration C#\nSEQ 32 14 #Integration C#\nSEQ 32 14 #Integration C#\nSEQ 32 14 #Integration C#\n'
152849	b'SEQ 33 15 #Ads. column H#\nSEQ 33 15 #Ads. column H#\nSEQ 33 15 #Ads. column H#\nSEQ 33 15 #Ads. column H#\nSEQ 33 15 #Ads. column H#\nSEQ 33 15 #Ads. column H#\nSEQ 33 15 #Ads. column H#\n'
152850	b'SEQ 34 15 #Ads. column H#\nSEQ 34 15 #Ads. column H#\nSEQ 34 15 #Ads. column H#\nSEQ 34 15 #Ads. column H#\nSEQ 34 15 #Ads. column H#\nSEQ 34 15 #Ads. column H#\nSEQ 34 15 #Ads. column H#\n'
152854	b'PCT 14 C 0.000000\n'
152858	b'PCT 14 N 0.000000\n'
152950	b'SEQ 35 15 #Ads. column H#\nSEQ 35 15 #Ads. column H#\nSEQ 35 15 #Ads. column H#\nSEQ 35 15 #Ads. column H#\nSEQ 35 15 #Ads. column H#\nSEQ 35 15 #Ads. column H#\nSEQ 35 15 #Ads. column H#\n'
152951	b'SEQ 36 15 #Ads. column H#\nSEQ 36 15 #Ads. column H#\nSEQ 36 15 #Ads. column H#\nSEQ 36 15 #Ads. column H#\nSEQ 36 15 #Ads. column H#\nSEQ 36 15 #Ads. column H#\nSEQ 36 15 #Ads. column H#\n'
152952	b'SEQ 37 15 #Ads. column H#\nSEQ 37 15 #Ads. column H#\nSEQ 37 15 #Ads. column H#\nSEQ 37 15 #Ads. column H#\nSEQ 37 15 #Ads. column H#\nSEQ 37 15 #Ads. column H#\nSEQ 37 15 #Ads. column H#\n'
152953	b'SEQ 38 16 #Cooling#\nSEQ 38 16 #Cooling#\nSEQ 38 16 #Cooling#\nSEQ 38 16 #Cooling#\nSEQ 38 16 #Cooling#\nSEQ 38 16 #Cooling#\nSEQ 38 16 #Cooling#\n'
153037	b'SEQ 39 16 #Cooling#\nSEQ 39 16 #Cooling#\nSEQ 39 16 #Cooling#\nSEQ 39 16 #Cooling#\nSEQ 39 16 #Cooling#\nSEQ 39 16 #Cooling#\nSEQ 39 16 #Cooling#\n'
153038	b'SEQ 40 16 #Cooling#\nSEQ 40 16 #Cooling#\nSEQ 40 16 #Cooling#\nSEQ 40 16 #Cooling#\nSEQ 40 16 #Cooling#\nSEQ 40 16 #Cooling#\nSEQ 40 16 #Cooling#\n'
153039	b'SEQ 41 17 #End of analysis#\nSEQ 41 17 #End of analysis#\nSEQ 41 17 #End of analysis#\nSEQ 41 17 #End of analysis#\nSEQ 41 17 #End of analysis#\nSEQ 41 17 #End of analysis#\nSEQ 41 17 #End of analysis#\n'
153041	b'SEQ 42 18 #Error inquiry#\nSEQ 42 18 #Error inquiry#\nSEQ 42 18 #Error inquiry#\nSEQ 42 18 #Error inquiry#\nSEQ 42 18 #Error inquiry#\nSEQ 42 18 #Error inquiry#\nSEQ 42 18 #Error inquiry#\n'
153328	b'STS READY\n'
153332	b'SINX 15\n'
153336	b'NAM 15 V2023\n'
153340	b'WGH 15 2.520000\n'
153348	b'STS RUN\n'
153359	b'SEQ 1 0 #*#\nSEQ 1 0 #*#\nSEQ 1 0 #*#\nSEQ 1 0 #*#\nSEQ 1 0 #*#\nSEQ 1 0 #*#\nSEQ 1 0 #*#\n'
153400	b'SEQ 2 0 #*#\nSEQ 2 0 #*#\nSEQ 2 0 #*#\nSEQ 2 0 #*#\nSEQ 2 0 #*#\nSEQ 2 0 #*#\nSEQ 2 0 #*#\n'
153401	b'SEQ 3 0 #*#\nSEQ 3 0 #*#\nSEQ 3 0 #*#\nSEQ 3 0 #*#\nSEQ 3 0 #*#\nSEQ 3 0 #*#\nSEQ 3 0 #*#\n'
153402	b'SEQ 4 1 #Autozero delay#\nSEQ 4 1 #Autozero delay#\nSEQ 4 1 #Autozero delay#\nSEQ 4 1 #Autozero delay#\nSEQ 4 1 #Autozero delay#\nSEQ 4 1 #Autozero delay#\nSEQ 4 1 #Autozero delay#\n'
153412	b'SEQ 5 2 #Autozero#\nSEQ 5 2 #Autozero#\nSEQ 5 2 #Autozero#\nSEQ 5 2 #Autozero#\nSEQ 5 2 #Autozero#\nSEQ 5 2 #Autozero#\nSEQ 5 2 #Autozero#\n'
153413	b'SEQ 6 2 #Autozero#\nSEQ 6 2 #Autozero#\nSEQ 6 2 #Autozero#\nSEQ 6 2 #Autozero#\nSEQ 6 2 #Autozero#\nSEQ 6 2 #Autozero#\nSEQ 6 2 #Autozero#\n'
153425	b'SEQ 7 3 #Basislinie#\nSEQ 7 3 #Basislinie#\nSEQ 7 3 #Basislinie#\nSEQ 7 3 #Basislinie#\nSEQ 7 3 #Basislinie#\nSEQ 7 3 #Basislinie#\nSEQ 7 3 #Basislinie#\n'
153428	b'SEQ 8 3 #Basislinie#\nSEQ 8 3 #Basislinie#\nSEQ 8 3 #Basislinie#\nSEQ 8 3 #Basislinie#\nSEQ 8 3 #Basislinie#\nSEQ 8 3 #Basislinie#\nSEQ 8 3 #Basislinie#\nSEQ 8 3 #Basislinie#\n'
153430	b'SEQ 9 3 #Basislinie#\nSEQ 9 3 #Basislinie#\nSEQ 9 3 #Basislinie#\nSEQ 9 3 #Basislinie#\nSEQ 9 3 #Basislinie#\nSEQ 9 3 #Basislinie#\nSEQ 9 3 #Basislinie#\nSEQ 9 3 #Basislinie#\n'
153435	b'SEQ 10 3 #Basislinie#\nSEQ 10 3 #Basislinie#\nSEQ 10 3 #Basislinie#\nSEQ 10 3 #Basislinie#\nSEQ 10 3 #Basislinie#\nSEQ 10 3 #Basislinie#\nSEQ 10 3 #Basislinie#\nSEQ 10 3 #Basislinie#\n'
153440	b'SEQ 11 3 #Basislinie#\nSEQ 11 3 #Basislinie#\nSEQ 11 3 #Basislinie#\nSEQ 11 3 #Basislinie#\nSEQ 11 3 #Basislinie#\nSEQ 11 3 #Basislinie#\nSEQ 11 3 #Basislinie#\nSEQ 11 3 #Basislinie#\n'
153442	b'SEQ 12 3 #Basislinie#\nSEQ 12 3 #Basislinie#\nSEQ 12 3 #Basislinie#\nSEQ 12 3 #Basislinie#\nSEQ 12 3 #Basislinie#\nSEQ 12 3 #Basislinie#\nSEQ 12 3 #Basislinie#\nSEQ 12 3 #Basislinie#\n'
153443	b'SEQ 13 4 #Feeding#\nSEQ 13 4 #Feeding#\nSEQ 13 4 #Feeding#\nSEQ 13 4 #Feeding#\nSEQ 13 4 #Feeding#\nSEQ 13 4 #Feeding#\nSEQ 13 4 #Feeding#\nSEQ 13 4 #Feeding#\n'
153448	b'SEQ 14 5 #Flush#\nSEQ 14 5 #Flush#\nSEQ 14 5 #Flush#\nSEQ 14 5 #Flush#\nSEQ 14 5 #Flush#\nSEQ 14 5 #Flush#\nSEQ 14 5 #Flush#\nSEQ 14 5 #Flush#\n'
153508	b'SEQ 15 6 #Throw-in sample#\nSEQ 15 6 #Throw-in sample#\nSEQ 15 6 #Throw-in sample#\nSEQ 15 6 #Throw-in sample#\nSEQ 15 6 #Throw-in sample#\nSEQ 15 6 #Throw-in sample#\nSEQ 15 6 #Throw-in sample#\nSEQ 15 6 #Throw-in sample#\n'
153512	b'SEQ 16 6 #Throw-in sample#\nSEQ 16 6 #Throw-in sample#\nSEQ 16 6 #Throw-in sample#\nSEQ 16 6 #Throw-in sample#\nSEQ 16 6 #Throw-in sample#\nSEQ 16 6 #Throw-in sample#\nSEQ 16 6 #Throw-in sample#\nSEQ 16 6 #Throw-in sample#\n'
153513	b'SEQ 17 6 #Throw-in sample#\nSEQ 17 6 #Throw-in sample#\nSEQ 17 6 #Throw-in sample#\nSEQ 17 6 #Throw-in sample#\nSEQ 17 6 #Throw-in sample#\nSEQ 17 6 #Throw-in sample#\nSEQ 17 6 #Throw-in sample#\nSEQ 17 6 #Throw-in sample#\n'
153514	b'SEQ 18 6 #Throw-in sample#\nSEQ 18 6 #Throw-in sample#\nSEQ 18 6 #Throw-in sample#\nSEQ 18 6 #Throw-in sample#\nSEQ 18 6 #Throw-in sample#\nSEQ 18 6 #Throw-in sample#\nSEQ 18 6 #Throw-in sample#\nSEQ 18 6 #Throw-in sample#\n'
153515	b'SEQ 19 6 #Throw-in sample#\nSEQ 19 6 #Throw-in sample#\nSEQ 19 6 #Throw-in sample#\nSEQ 19 6 #Throw-in sample#\nSEQ 19 6 #Throw-in sample#\nSEQ 19 6 #Throw-in sample#\nSEQ 19 6 #Throw-in sample#\nSEQ 19 6 #Throw-in sample#\n'
153519	b'SEQ 20 7 #Int. delay N#\nSEQ 20 7 #Int. delay N#\nSEQ 20 7 #Int. delay N#\nSEQ 20 7 #Int. delay N#\nSEQ 20 7 #Int. delay N#\nSEQ 20 7 #Int. delay N#\nSEQ 20 7 #Int. delay N#\nSEQ 20 7 #Int. delay N#\n'
153539	b'SEQ 21 7 #Int. delay N#\nSEQ 21 7 #Int. delay N#\nSEQ 21 7 #Int. delay N#\nSEQ 21 7 #Int. delay N#\nSEQ 21 7 #Int. delay N#\nSEQ 21 7 #Int. delay N#\nSEQ 21 7 #Int. delay N#\nSEQ 21 7 #Int. delay N#\n'
153540	b'SEQ 22 8 #Integration N#\nSEQ 22 8 #Integration N#\nSEQ 22 8 #Integration N#\nSEQ 22 8 #Integration N#\nSEQ 22 8 #Integration N#\nSEQ 22 8 #Integration N#\nSEQ 22 8 #Integration N#\nSEQ 22 8 #Integration N#\n'
153716	b'SEQ 23 9 #Ads. column C#\nSEQ 23 9 #Ads. column C#\nSEQ 23 9 #Ads. column C#\nSEQ 23 9 #Ads. column C#\nSEQ 23 9 #Ads. column C#\nSEQ 23 9 #Ads. column C#\nSEQ 23 9 #Ads. column C#\nSEQ 23 9 #Ads. column C#\n'
153717	b'SEQ 24 9 #Ads. column C#\nSEQ 24 9 #Ads. column C#\nSEQ 24 9 #Ads. column C#\nSEQ 24 9 #Ads. column C#\nSEQ 24 9 #Ads. column C#\nSEQ 24 9 #Ads. column C#\nSEQ 24 9 #Ads. column C#\nSEQ 24 9 #Ads. column C#\n'
153718	b'SEQ 25 10 #Autozero delay#\nSEQ 25 10 #Autozero delay#\nSEQ 25 10 #Autozero delay#\nSEQ 25 10 #Autozero delay#\nSEQ 25 10 #Autozero delay#\nSEQ 25 10 #Autozero delay#\nSEQ 25 10 #Autozero delay#\nSEQ 25 10 #Autozero delay#\n'
153734	b'SEQ 26 11 #Autozero C#\nSEQ 26 11 #Autozero C#\nSEQ 26 11 #Autozero C#\nSEQ 26 11 #Autozero C#\nSEQ 26 11 #Autozero C#\nSEQ 26 11 #Autozero C#\nSEQ 26 11 #Autozero C#\nSEQ 26 11 #Autozero C#\n'
153735	b'SEQ 27 11 #Autozero C#\nSEQ 27 11 #Autozero C#\nSEQ 27 11 #Autozero C#\nSEQ 27 11 #Autozero C#\nSEQ 27 11 #Autozero C#\nSEQ 27 11 #Autozero C#\nSEQ 27 11 #Autozero C#\nSEQ 27 11 #Autozero C#\n'
153747	b'SEQ 28 12 #Basislinie#\nSEQ 28 12 #Basislinie#\nSEQ 28 12 #Basislinie#\nSEQ 28 12 #Basislinie#\nSEQ 28 12 #Basislinie#\nSEQ 28 12 #Basislinie#\nSEQ 28 12 #Basislinie#\nSEQ 28 12 #Basislinie#\n'
153750	b'SEQ 29 12 #Basislinie#\nSEQ 29 12 #Basislinie#\nSEQ 29 12 #Basislinie#\nSEQ 29 12 #Basislinie#\nSEQ 29 12 #Basislinie#\nSEQ 29 12 #Basislinie#\nSEQ 29 12 #Basislinie#\nSEQ 29 12 #Basislinie#\n'
153752	b'SEQ 30 13 #Int. delay C#\nSEQ 30 13 #Int. delay C#\nSEQ 30 13 #Int. delay C#\nSEQ 30 13 #Int. delay C#\nSEQ 30 13 #Int. delay C#\nSEQ 30 13 #Int. delay C#\nSEQ 30 13 #Int. delay C#\nSEQ 30 13 #Int. delay C#\n'
153755	b'SEQ 31 13 #Int. delay C#\nSEQ 31 13 #Int. delay C#\nSEQ 31 13 #Int. delay C#\nSEQ 31 13 #Int. delay C#\nSEQ 31 13 #Int. delay C#\nSEQ 31 13 #Int. delay C#\nSEQ 31 13 #Int. delay C#\nSEQ 31 13 #Int. delay C#\n'
153756	b'SEQ 32 14 #Integration C#\nSEQ 32 14 #Integration C#\nSEQ 32 14 #Integration C#\nSEQ 32 14 #Integration C#\nSEQ 32 14 #Integration C#\nSEQ 32 14 #Integration C#\nSEQ 32 14 #Integration C#\nSEQ 32 14 #Integration C#\n'
154020	b'SEQ 33 15 #Ads. column H#\nSEQ 33 15 #Ads. column H#\nSEQ 33 15 #Ads. column H#\nSEQ 33 15 #Ads. column H#\nSEQ 33 15 #Ads. column H#\nSEQ 33 15 #Ads. column H#\nSEQ 33 15 #Ads. column H#\nSEQ 33 15 #Ads. column H#\n'
154021	b'SEQ 34 15 #Ads. column H#\nSEQ 34 15 #Ads. column H#\nSEQ 34 15 #Ads. column H#\nSEQ 34 15 #Ads. column H#\nSEQ 34 15 #Ads. column H#\nSEQ 34 15 #Ads. column H#\nSEQ 34 15 #Ads. column H#\nSEQ 34 15 #Ads. column H#\n'
154026	b'PCT 15 C 40.430008\n'
154030	b'PCT 15 N 0.000000\n'
154121	b'SEQ 35 15 #Ads. column H#\nSEQ 35 15 #Ads. column H#\nSEQ 35 15 #Ads. column H#\nSEQ 35 15 #Ads. column H#\nSEQ 35 15 #Ads. column H#\nSEQ 35 15 #Ads. column H#\nSEQ 35 15 #Ads. column H#\nSEQ 35 15 #Ads. column H#\n'
154122	b'SEQ 36 15 #Ads. column H#\nSEQ 36 15 #Ads. column H#\nSEQ 36 15 #Ads. column H#\nSEQ 36 15 #Ads. column H#\nSEQ 36 15 #Ads. column H#\nSEQ 36 15 #Ads. column H#\nSEQ 36 15 #Ads. column H#\nSEQ 36 15 #Ads. column H#\n'
154123	b'SEQ 37 15 #Ads. column H#\nSEQ 37 15 #Ads. column H#\nSEQ 37 15 #Ads. column H#\nSEQ 37 15 #Ads. column H#\nSEQ 37 15 #Ads. column H#\nSEQ 37 15 #Ads. column H#\nSEQ 37 15 #Ads. column H#\nSEQ 37 15 #Ads. column H#\n'
154124	b'SEQ 38 16 #Cooling#\nSEQ 38 16 #Cooling#\nSEQ 38 16 #Cooling#\nSEQ 38 16 #Cooling#\nSEQ 38 16 #Cooling#\nSEQ 38 16 #Cooling#\nSEQ 38 16 #Cooling#\nSEQ 38 16 #Cooling#\n'
154208	b'SEQ 39 16 #Cooling#\nSEQ 39 16 #Cooling#\nSEQ 39 16 #Cooling#\nSEQ 39 16 #Cooling#\nSEQ 39 16 #Cooling#\nSEQ 39 16 #Cooling#\nSEQ 39 16 #Cooling#\nSEQ 39 16 #Cooling#\n'
154209	b'SEQ 40 16 #Cooling#\nSEQ 40 16 #Cooling#\nSEQ 40 16 #Cooling#\nSEQ 40 16 #Cooling#\nSEQ 40 16 #Cooling#\nSEQ 40 16 #Cooling#\nSEQ 40 16 #Cooling#\nSEQ 40 16 #Cooling#\n'
154210	b'SEQ 41 17 #End of analysis#\nSEQ 41 17 #End of analysis#\nSEQ 41 17 #End of analysis#\nSEQ 41 17 #End of analysis#\nSEQ 41 17 #End of analysis#\nSEQ 41 17 #End of analysis#\nSEQ 41 17 #End of analysis#\nSEQ 41 17 #End of analysis#\n'
154211	b'SEQ 42 18 #Error inquiry#\nSEQ 42 18 #Error inquiry#\nSEQ 42 18 #Error inquiry#\nSEQ 42 18 #Error inquiry#\nSEQ 42 18 #Error inquiry#\nSEQ 42 18 #Error inquiry#\nSEQ 42 18 #Error inquiry#\nSEQ 42 18 #Error inquiry#\n'
154619	b'STS READY\n'
154623	b'SINX 16\n'
154627	b'NAM 16 V2022\n'
154631	b'WGH 16 1.890000\n'
154638	b'STS RUN\n'
154648	b'SEQ 1 0 #*#\nSEQ 1 0 #*#\nSEQ 1 0 #*#\nSEQ 1 0 #*#\nSEQ 1 0 #*#\nSEQ 1 0 #*#\nSEQ 1 0 #*#\nSEQ 1 0 #*#\n'
154650	b'SEQ 2 0 #*#\nSEQ 2 0 #*#\nSEQ 2 0 #*#\nSEQ 2 0 #*#\nSEQ 2 0 #*#\nSEQ 2 0 #*#\nSEQ 2 0 #*#\nSEQ 2 0 #*#\n'
154650	b'SEQ 3 0 #*#\nSEQ 3 0 #*#\nSEQ 3 0 #*#\nSEQ 3 0 #*#\nSEQ 3 0 #*#\nSEQ 3 0 #*#\nSEQ 3 0 #*#\nSEQ 3 0 #*#\n'
154652	b'SEQ 4 1 #Autozero delay#\nSEQ 4 1 #Autozero delay#\nSEQ 4 1 #Autozero delay#\nSEQ 4 1 #Autozero delay#\nSEQ 4 1 #Autozero delay#\nSEQ 4 1 #Autozero delay#\nSEQ 4 1 #Autozero delay#\nSEQ 4 1 #Autozero delay#\n'
154702	b'SEQ 5 2 #Autozero#\nSEQ 5 2 #Autozero#\nSEQ 5 2 #Autozero#\nSEQ 5 2 #Autozero#\nSEQ 5 2 #Autozero#\nSEQ 5 2 #Autozero#\nSEQ 5 2 #Autozero#\nSEQ 5 2 #Autozero#\n'
154703	b'SEQ 6 2 #Autozero#\nSEQ 6 2 #Autozero#\nSEQ 6 2 #Autozero#\nSEQ 6 2 #Autozero#\nSEQ 6 2 #Autozero#\nSEQ 6 2 #Autozero#\nSEQ 6 2 #Autozero#\nSEQ 6 2 #Autozero#\n'
154715	b'SEQ 7 3 #Basislinie#\nSEQ 7 3 #Basislinie#\nSEQ 7 3 #Basislinie#\nSEQ 7 3 #Basislinie#\nSEQ 7 3 #Basislinie#\nSEQ 7 3 #Basislinie#\nSEQ 7 3 #Basislinie#\nSEQ 7 3 #Basislinie#\n'
154718	b'SEQ 8 3 #Basislinie#\nSEQ 8 3 #Basislinie#\nSEQ 8 3 #Basislinie#\nSEQ 8 3 #Basislinie#\nSEQ 8 3 #Basislinie#\nSEQ 8 3 #Basislinie#\nSEQ 8 3 #Basislinie#\nSEQ 8 3 #Basislinie#\nSEQ 8 3 #Basislinie#\n'
154719	b'SEQ 9 3 #Basislinie#\nSEQ 9 3 #Basislinie#\nSEQ 9 3 #Basislinie#\nSEQ 9 3 #Basislinie#\nSEQ 9 3 #Basislinie#\nSEQ 9 3 #Basislinie#\nSEQ 9 3 #Basislinie#\nSEQ 9 3 #Basislinie#\nSEQ 9 3 #Basislinie#\n'
154724	b'SEQ 10 3 #Basislinie#\nSEQ 10 3 #Basislinie#\nSEQ 10 3 #Basislinie#\nSEQ 10 3 #Basislinie#\nSEQ 10 3 #Basislinie#\nSEQ 10 3 #Basislinie#\nSEQ 10 3 #Basislinie#\nSEQ 10 3 #Basislinie#\nSEQ 10 3 #Basislinie#\n'
154730	b'SEQ 11 3 #Basislinie#\nSEQ 11 3 #Basislinie#\nSEQ 11 3 #Basislinie#\nSEQ 11 3 #Basislinie#\nSEQ 11 3 #Basislinie#\nSEQ 11 3 #Basislinie#\nSEQ 11 3 #Basislinie#\nSEQ 11 3 #Basislinie#\nSEQ 11 3 #Basislinie#\n'
154731	b'SEQ 12 3 #Basislinie#\nSEQ 12 3 #Basislinie#\nSEQ 12 3 #Basislinie#\nSEQ 12 3 #Basislinie#\nSEQ 12 3 #Basislinie#\nSEQ 12 3 #Basislinie#\nSEQ 12 3 #Basislinie#\nSEQ 12 3 #Basislinie#\nSEQ 12 3 #Basislinie#\n'
154732	b'SEQ 13 4 #Feeding#\nSEQ 13 4 #Feeding#\nSEQ 13 4 #Feeding#\nSEQ 13 4 #Feeding#\nSEQ 13 4 #Feeding#\nSEQ 13 4 #Feeding#\nSEQ 13 4 #Feeding#\nSEQ 13 4 #Feeding#\nSEQ 13 4 #Feeding#\n'
154736	b'SEQ 14 5 #Flush#\nSEQ 14 5 #Flush#\nSEQ 14 5 #Flush#\nSEQ 14 5 #Flush#\nSEQ 14 5 #Flush#\nSEQ 14 5 #Flush#\nSEQ 14 5 #Flush#\nSEQ 14 5 #Flush#\nSEQ 14 5 #Flush#\n'
154757	b'SEQ 15 6 #Throw-in sample#\nSEQ 15 6 #Throw-in sample#\nSEQ 15 6 #Throw-in sample#\nSEQ 15 6 #Throw-in sample#\nSEQ 15 6 #Throw-in sample#\nSEQ 15 6 #Throw-in sample#\nSEQ 15 6 #Throw-in sample#\nSEQ 15 6 #Throw-in sample#\nSEQ 15 6 #Throw-in sample#\n'
154800	b'SEQ 16 6 #Throw-in sample#\nSEQ 16 6 #Throw-in sample#\nSEQ 16 6 #Throw-in sample#\nSEQ 16 6 #Throw-in sample#\nSEQ 16 6 #Throw-in sample#\nSEQ 16 6 #Throw-in sample#\nSEQ 16 6 #Throw-in sample#\nSEQ 16 6 #Throw-in sample#\nSEQ 16 6 #Throw-in sample#\n'
154802	b'SEQ 17 6 #Throw-in sample#\nSEQ 17 6 #Throw-in sample#\nSEQ 17 6 #Throw-in sample#\nSEQ 17 6 #Throw-in sample#\nSEQ 17 6 #Throw-in sample#\nSEQ 17 6 #Throw-in sample#\nSEQ 17 6 #Throw-in sample#\nSEQ 17 6 #Throw-in sample#\nSEQ 17 6 #Throw-in sample#\n'
154802	b'SEQ 18 6 #Throw-in sample#\nSEQ 18 6 #Throw-in sample#\nSEQ 18 6 #Throw-in sample#\nSEQ 18 6 #Throw-in sample#\nSEQ 18 6 #Throw-in sample#\nSEQ 18 6 #Throw-in sample#\nSEQ 18 6 #Throw-in sample#\nSEQ 18 6 #Throw-in sample#\nSEQ 18 6 #Throw-in sample#\n'
154804	b'SEQ 19 6 #Throw-in sample#\nSEQ 19 6 #Throw-in sample#\nSEQ 19 6 #Throw-in sample#\nSEQ 19 6 #Throw-in sample#\nSEQ 19 6 #Throw-in sample#\nSEQ 19 6 #Throw-in sample#\nSEQ 19 6 #Throw-in sample#\nSEQ 19 6 #Throw-in sample#\nSEQ 19 6 #Throw-in sample#\n'
154808	b'SEQ 20 7 #Int. delay N#\nSEQ 20 7 #Int. delay N#\nSEQ 20 7 #Int. delay N#\nSEQ 20 7 #Int. delay N#\nSEQ 20 7 #Int. delay N#\nSEQ 20 7 #Int. delay N#\nSEQ 20 7 #Int. delay N#\nSEQ 20 7 #Int. delay N#\nSEQ 20 7 #Int. delay N#\n'
154828	b'SEQ 21 7 #Int. delay N#\nSEQ 21 7 #Int. delay N#\nSEQ 21 7 #Int. delay N#\nSEQ 21 7 #Int. delay N#\nSEQ 21 7 #Int. delay N#\nSEQ 21 7 #Int. delay N#\nSEQ 21 7 #Int. delay N#\nSEQ 21 7 #Int. delay N#\nSEQ 21 7 #Int. delay N#\n'
154829	b'SEQ 22 8 #Integration N#\nSEQ 22 8 #Integration N#\nSEQ 22 8 #Integration N#\nSEQ 22 8 #Integration N#\nSEQ 22 8 #Integration N#\nSEQ 22 8 #Integration N#\nSEQ 22 8 #Integration N#\nSEQ 22 8 #Integration N#\nSEQ 22 8 #Integration N#\n'
155003	b'SEQ 23 9 #Ads. column C#\nSEQ 23 9 #Ads. column C#\nSEQ 23 9 #Ads. column C#\nSEQ 23 9 #Ads. column C#\nSEQ 23 9 #Ads. column C#\nSEQ 23 9 #Ads. column C#\nSEQ 23 9 #Ads. column C#\nSEQ 23 9 #Ads. column C#\nSEQ 23 9 #Ads. column C#\n'
155004	b'SEQ 24 9 #Ads. column C#\nSEQ 24 9 #Ads. column C#\nSEQ 24 9 #Ads. column C#\nSEQ 24 9 #Ads. column C#\nSEQ 24 9 #Ads. column C#\nSEQ 24 9 #Ads. column C#\nSEQ 24 9 #Ads. column C#\nSEQ 24 9 #Ads. column C#\nSEQ 24 9 #Ads. column C#\n'
155005	b'SEQ 25 10 #Autozero delay#\nSEQ 25 10 #Autozero delay#\nSEQ 25 10 #Autozero delay#\nSEQ 25 10 #Autozero delay#\nSEQ 25 10 #Autozero delay#\nSEQ 25 10 #Autozero delay#\nSEQ 25 10 #Autozero delay#\nSEQ 25 10 #Autozero delay#\nSEQ 25 10 #Autozero delay#\n'
155021	b'SEQ 26 11 #Autozero C#\nSEQ 26 11 #Autozero C#\nSEQ 26 11 #Autozero C#\nSEQ 26 11 #Autozero C#\nSEQ 26 11 #Autozero C#\nSEQ 26 11 #Autozero C#\nSEQ 26 11 #Autozero C#\nSEQ 26 11 #Autozero C#\nSEQ 26 11 #Autozero C#\n'
155022	b'SEQ 27 11 #Autozero C#\nSEQ 27 11 #Autozero C#\nSEQ 27 11 #Autozero C#\nSEQ 27 11 #Autozero C#\nSEQ 27 11 #Autozero C#\nSEQ 27 11 #Autozero C#\nSEQ 27 11 #Autozero C#\nSEQ 27 11 #Autozero C#\nSEQ 27 11 #Autozero C#\n'
155035	b'SEQ 28 12 #Basislinie#\nSEQ 28 12 #Basislinie#\nSEQ 28 12 #Basislinie#\nSEQ 28 12 #Basislinie#\nSEQ 28 12 #Basislinie#\nSEQ 28 12 #Basislinie#\nSEQ 28 12 #Basislinie#\nSEQ 28 12 #Basislinie#\nSEQ 28 12 #Basislinie#\n'
155038	b'SEQ 29 12 #Basislinie#\nSEQ 29 12 #Basislinie#\nSEQ 29 12 #Basislinie#\nSEQ 29 12 #Basislinie#\nSEQ 29 12 #Basislinie#\nSEQ 29 12 #Basislinie#\nSEQ 29 12 #Basislinie#\nSEQ 29 12 #Basislinie#\nSEQ 29 12 #Basislinie#\n'
155041	b'SEQ 30 13 #Int. delay C#\nSEQ 30 13 #Int. delay C#\nSEQ 30 13 #Int. delay C#\nSEQ 30 13 #Int. delay C#\nSEQ 30 13 #Int. delay C#\nSEQ 30 13 #Int. delay C#\nSEQ 30 13 #Int. delay C#\nSEQ 30 13 #Int. delay C#\nSEQ 30 13 #Int. delay C#\n'
155044	b'SEQ 31 13 #Int. delay C#\nSEQ 31 13 #Int. delay C#\nSEQ 31 13 #Int. delay C#\nSEQ 31 13 #Int. delay C#\nSEQ 31 13 #Int. delay C#\nSEQ 31 13 #Int. delay C#\nSEQ 31 13 #Int. delay C#\nSEQ 31 13 #Int. delay C#\nSEQ 31 13 #Int. delay C#\n'
155045	b'SEQ 32 14 #Integration C#\nSEQ 32 14 #Integration C#\nSEQ 32 14 #Integration C#\nSEQ 32 14 #Integration C#\nSEQ 32 14 #Integration C#\nSEQ 32 14 #Integration C#\nSEQ 32 14 #Integration C#\nSEQ 32 14 #Integration C#\nSEQ 32 14 #Integration C#\n'
155310	b'SEQ 33 15 #Ads. column H#\nSEQ 33 15 #Ads. column H#\nSEQ 33 15 #Ads. column H#\nSEQ 33 15 #Ads. column H#\nSEQ 33 15 #Ads. column H#\nSEQ 33 15 #Ads. column H#\nSEQ 33 15 #Ads. column H#\nSEQ 33 15 #Ads. column H#\nSEQ 33 15 #Ads. column H#\n'
155311	b'SEQ 34 15 #Ads. column H#\nSEQ 34 15 #Ads. column H#\nSEQ 34 15 #Ads. column H#\nSEQ 34 15 #Ads. column H#\nSEQ 34 15 #Ads. column H#\nSEQ 34 15 #Ads. column H#\nSEQ 34 15 #Ads. column H#\nSEQ 34 15 #Ads. column H#\nSEQ 34 15 #Ads. column H#\n'
155314	b'PCT 16 C 40.351833\n'
155318	b'PCT 16 N 0.000000\n'
155412	b'SEQ 35 15 #Ads. column H#\nSEQ 35 15 #Ads. column H#\nSEQ 35 15 #Ads. column H#\nSEQ 35 15 #Ads. column H#\nSEQ 35 15 #Ads. column H#\nSEQ 35 15 #Ads. column H#\nSEQ 35 15 #Ads. column H#\nSEQ 35 15 #Ads. column H#\nSEQ 35 15 #Ads. column H#\n'
155413	b'SEQ 36 15 #Ads. column H#\nSEQ 36 15 #Ads. column H#\nSEQ 36 15 #Ads. column H#\nSEQ 36 15 #Ads. column H#\nSEQ 36 15 #Ads. column H#\nSEQ 36 15 #Ads. column H#\nSEQ 36 15 #Ads. column H#\nSEQ 36 15 #Ads. column H#\nSEQ 36 15 #Ads. column H#\n'
155414	b'SEQ 37 15 #Ads. column H#\nSEQ 37 15 #Ads. column H#\nSEQ 37 15 #Ads. column H#\nSEQ 37 15 #Ads. column H#\nSEQ 37 15 #Ads. column H#\nSEQ 37 15 #Ads. column H#\nSEQ 37 15 #Ads. column H#\nSEQ 37 15 #Ads. column H#\nSEQ 37 15 #Ads. column H#\n'
155415	b'SEQ 38 16 #Cooling#\nSEQ 38 16 #Cooling#\nSEQ 38 16 #Cooling#\nSEQ 38 16 #Cooling#\nSEQ 38 16 #Cooling#\nSEQ 38 16 #Cooling#\nSEQ 38 16 #Cooling#\nSEQ 38 16 #Cooling#\nSEQ 38 16 #Cooling#\n'
155457	b'SEQ 39 16 #Cooling#\nSEQ 39 16 #Cooling#\nSEQ 39 16 #Cooling#\nSEQ 39 16 #Cooling#\nSEQ 39 16 #Cooling#\nSEQ 39 16 #Cooling#\nSEQ 39 16 #Cooling#\nSEQ 39 16 #Cooling#\nSEQ 39 16 #Cooling#\n'
155458	b'SEQ 40 16 #Cooling#\nSEQ 40 16 #Cooling#\nSEQ 40 16 #Cooling#\nSEQ 40 16 #Cooling#\nSEQ 40 16 #Cooling#\nSEQ 40 16 #Cooling#\nSEQ 40 16 #Cooling#\nSEQ 40 16 #Cooling#\nSEQ 40 16 #Cooling#\n'
155459	b'SEQ 41 17 #End of analysis#\nSEQ 41 17 #End of analysis#\nSEQ 41 17 #End of analysis#\nSEQ 41 17 #End of analysis#\nSEQ 41 17 #End of analysis#\nSEQ 41 17 #End of analysis#\nSEQ 41 17 #End of analysis#\nSEQ 41 17 #End of analysis#\nSEQ 41 17 #End of analysis#\n'
155501	b'SEQ 42 18 #Error inquiry#\nSEQ 42 18 #Error inquiry#\nSEQ 42 18 #Error inquiry#\nSEQ 42 18 #Error inquiry#\nSEQ 42 18 #Error inquiry#\nSEQ 42 18 #Error inquiry#\nSEQ 42 18 #Error inquiry#\nSEQ 42 18 #Error inquiry#\nSEQ 42 18 #Error inquiry#\n'
155902	b'STS READY\n'
155906	b'SINX 17\n'
155910	b'NAM 17 V2021\n'
155914	b'WGH 17 1.720000\n'
155921	b'STS RUN\n'
155932	b'SEQ 1 0 #*#\nSEQ 1 0 #*#\nSEQ 1 0 #*#\nSEQ 1 0 #*#\nSEQ 1 0 #*#\nSEQ 1 0 #*#\nSEQ 1 0 #*#\nSEQ 1 0 #*#\nSEQ 1 0 #*#\n'
155933	b'SEQ 2 0 #*#\nSEQ 2 0 #*#\nSEQ 2 0 #*#\nSEQ 2 0 #*#\nSEQ 2 0 #*#\nSEQ 2 0 #*#\nSEQ 2 0 #*#\nSEQ 2 0 #*#\nSEQ 2 0 #*#\n'
155934	b'SEQ 3 0 #*#\nSEQ 3 0 #*#\nSEQ 3 0 #*#\nSEQ 3 0 #*#\nSEQ 3 0 #*#\nSEQ 3 0 #*#\nSEQ 3 0 #*#\nSEQ 3 0 #*#\nSEQ 3 0 #*#\n'
155935	b'SEQ 4 1 #Autozero delay#\nSEQ 4 1 #Autozero delay#\nSEQ 4 1 #Autozero delay#\nSEQ 4 1 #Autozero delay#\nSEQ 4 1 #Autozero delay#\nSEQ 4 1 #Autozero delay#\nSEQ 4 1 #Autozero delay#\nSEQ 4 1 #Autozero delay#\nSEQ 4 1 #Autozero delay#\n'
155946	b'SEQ 5 2 #Autozero#\nSEQ 5 2 #Autozero#\nSEQ 5 2 #Autozero#\nSEQ 5 2 #Autozero#\nSEQ 5 2 #Autozero#\nSEQ 5 2 #Autozero#\nSEQ 5 2 #Autozero#\nSEQ 5 2 #Autozero#\nSEQ 5 2 #Autozero#\n'
155947	b'SEQ 6 2 #Autozero#\nSEQ 6 2 #Autozero#\nSEQ 6 2 #Autozero#\nSEQ 6 2 #Autozero#\nSEQ 6 2 #Autozero#\nSEQ 6 2 #Autozero#\nSEQ 6 2 #Autozero#\nSEQ 6 2 #Autozero#\nSEQ 6 2 #Autozero#\n'
155959	b'SEQ 7 3 #Basislinie#\nSEQ 7 3 #Basislinie#\nSEQ 7 3 #Basislinie#\nSEQ 7 3 #Basislinie#\nSEQ 7 3 #Basislinie#\nSEQ 7 3 #Basislinie#\nSEQ 7 3 #Basislinie#\nSEQ 7 3 #Basislinie#\nSEQ 7 3 #Basislinie#\nSEQ 7 3 #Basislinie#\n'
160002	b'SEQ 8 3 #Basislinie#\nSEQ 8 3 #Basislinie#\nSEQ 8 3 #Basislinie#\nSEQ 8 3 #Basislinie#\nSEQ 8 3 #Basislinie#\nSEQ 8 3 #Basislinie#\nSEQ 8 3 #Basislinie#\nSEQ 8 3 #Basislinie#\nSEQ 8 3 #Basislinie#\nSEQ 8 3 #Basislinie#\n'
160003	b'SEQ 9 3 #Basislinie#\nSEQ 9 3 #Basislinie#\nSEQ 9 3 #Basislinie#\nSEQ 9 3 #Basislinie#\nSEQ 9 3 #Basislinie#\nSEQ 9 3 #Basislinie#\nSEQ 9 3 #Basislinie#\nSEQ 9 3 #Basislinie#\nSEQ 9 3 #Basislinie#\nSEQ 9 3 #Basislinie#\n'
160008	b'SEQ 10 3 #Basislinie#\nSEQ 10 3 #Basislinie#\nSEQ 10 3 #Basislinie#\nSEQ 10 3 #Basislinie#\nSEQ 10 3 #Basislinie#\nSEQ 10 3 #Basislinie#\nSEQ 10 3 #Basislinie#\nSEQ 10 3 #Basislinie#\nSEQ 10 3 #Basislinie#\nSEQ 10 3 #Basislinie#\n'
160015	b'SEQ 11 3 #Basislinie#\nSEQ 11 3 #Basislinie#\nSEQ 11 3 #Basislinie#\nSEQ 11 3 #Basislinie#\nSEQ 11 3 #Basislinie#\nSEQ 11 3 #Basislinie#\nSEQ 11 3 #Basislinie#\nSEQ 11 3 #Basislinie#\nSEQ 11 3 #Basislinie#\nSEQ 11 3 #Basislinie#\n'
160016	b'SEQ 12 3 #Basislinie#\nSEQ 12 3 #Basislinie#\nSEQ 12 3 #Basislinie#\nSEQ 12 3 #Basislinie#\nSEQ 12 3 #Basislinie#\nSEQ 12 3 #Basislinie#\nSEQ 12 3 #Basislinie#\nSEQ 12 3 #Basislinie#\nSEQ 12 3 #Basislinie#\nSEQ 12 3 #Basislinie#\n'
160018	b'SEQ 13 4 #Feeding#\nSEQ 13 4 #Feeding#\nSEQ 13 4 #Feeding#\nSEQ 13 4 #Feeding#\nSEQ 13 4 #Feeding#\nSEQ 13 4 #Feeding#\nSEQ 13 4 #Feeding#\nSEQ 13 4 #Feeding#\nSEQ 13 4 #Feeding#\nSEQ 13 4 #Feeding#\n'
160022	b'SEQ 14 5 #Flush#\nSEQ 14 5 #Flush#\nSEQ 14 5 #Flush#\nSEQ 14 5 #Flush#\nSEQ 14 5 #Flush#\nSEQ 14 5 #Flush#\nSEQ 14 5 #Flush#\nSEQ 14 5 #Flush#\nSEQ 14 5 #Flush#\nSEQ 14 5 #Flush#\n'
160042	b'SEQ 15 6 #Throw-in sample#\nSEQ 15 6 #Throw-in sample#\nSEQ 15 6 #Throw-in sample#\nSEQ 15 6 #Throw-in sample#\nSEQ 15 6 #Throw-in sample#\nSEQ 15 6 #Throw-in sample#\nSEQ 15 6 #Throw-in sample#\nSEQ 15 6 #Throw-in sample#\nSEQ 15 6 #Throw-in sample#\nSEQ 15 6 #Throw-in sample#\n'
160046	b'SEQ 16 6 #Throw-in sample#\nSEQ 16 6 #Throw-in sample#\nSEQ 16 6 #Throw-in sample#\nSEQ 16 6 #Throw-in sample#\nSEQ 16 6 #Throw-in sample#\nSEQ 16 6 #Throw-in sample#\nSEQ 16 6 #Throw-in sample#\nSEQ 16 6 #Throw-in sample#\nSEQ 16 6 #Throw-in sample#\nSEQ 16 6 #Throw-in sample#\n'
160047	b'SEQ 17 6 #Throw-in sample#\nSEQ 17 6 #Throw-in sample#\nSEQ 17 6 #Throw-in sample#\nSEQ 17 6 #Throw-in sample#\nSEQ 17 6 #Throw-in sample#\nSEQ 17 6 #Throw-in sample#\nSEQ 17 6 #Throw-in sample#\nSEQ 17 6 #Throw-in sample#\nSEQ 17 6 #Throw-in sample#\nSEQ 17 6 #Throw-in sample#\n'
160048	b'SEQ 18 6 #Throw-in sample#\nSEQ 18 6 #Throw-in sample#\nSEQ 18 6 #Throw-in sample#\nSEQ 18 6 #Throw-in sample#\nSEQ 18 6 #Throw-in sample#\nSEQ 18 6 #Throw-in sample#\nSEQ 18 6 #Throw-in sample#\nSEQ 18 6 #Throw-in sample#\nSEQ 18 6 #Throw-in sample#\nSEQ 18 6 #Throw-in sample#\n'
160049	b'SEQ 19 6 #Throw-in sample#\nSEQ 19 6 #Throw-in sample#\nSEQ 19 6 #Throw-in sample#\nSEQ 19 6 #Throw-in sample#\nSEQ 19 6 #Throw-in sample#\nSEQ 19 6 #Throw-in sample#\nSEQ 19 6 #Throw-in sample#\nSEQ 19 6 #Throw-in sample#\nSEQ 19 6 #Throw-in sample#\nSEQ 19 6 #Throw-in sample#\n'
160053	b'SEQ 20 7 #Int. delay N#\nSEQ 20 7 #Int. delay N#\nSEQ 20 7 #Int. delay N#\nSEQ 20 7 #Int. delay N#\nSEQ 20 7 #Int. delay N#\nSEQ 20 7 #Int. delay N#\nSEQ 20 7 #Int. delay N#\nSEQ 20 7 #Int. delay N#\nSEQ 20 7 #Int. delay N#\nSEQ 20 7 #Int. delay N#\n'
160113	b'SEQ 21 7 #Int. delay N#\nSEQ 21 7 #Int. delay N#\nSEQ 21 7 #Int. delay N#\nSEQ 21 7 #Int. delay N#\nSEQ 21 7 #Int. delay N#\nSEQ 21 7 #Int. delay N#\nSEQ 21 7 #Int. delay N#\nSEQ 21 7 #Int. delay N#\nSEQ 21 7 #Int. delay N#\nSEQ 21 7 #Int. delay N#\n'
160114	b'SEQ 22 8 #Integration N#\nSEQ 22 8 #Integration N#\nSEQ 22 8 #Integration N#\nSEQ 22 8 #Integration N#\nSEQ 22 8 #Integration N#\nSEQ 22 8 #Integration N#\nSEQ 22 8 #Integration N#\nSEQ 22 8 #Integration N#\nSEQ 22 8 #Integration N#\nSEQ 22 8 #Integration N#\n'
160248	b'SEQ 23 9 #Ads. column C#\nSEQ 23 9 #Ads. column C#\nSEQ 23 9 #Ads. column C#\nSEQ 23 9 #Ads. column C#\nSEQ 23 9 #Ads. column C#\nSEQ 23 9 #Ads. column C#\nSEQ 23 9 #Ads. column C#\nSEQ 23 9 #Ads. column C#\nSEQ 23 9 #Ads. column C#\nSEQ 23 9 #Ads. column C#\n'
160249	b'SEQ 24 9 #Ads. column C#\nSEQ 24 9 #Ads. column C#\nSEQ 24 9 #Ads. column C#\nSEQ 24 9 #Ads. column C#\nSEQ 24 9 #Ads. column C#\nSEQ 24 9 #Ads. column C#\nSEQ 24 9 #Ads. column C#\nSEQ 24 9 #Ads. column C#\nSEQ 24 9 #Ads. column C#\nSEQ 24 9 #Ads. column C#\n'
160250	b'SEQ 25 10 #Autozero delay#\nSEQ 25 10 #Autozero delay#\nSEQ 25 10 #Autozero delay#\nSEQ 25 10 #Autozero delay#\nSEQ 25 10 #Autozero delay#\nSEQ 25 10 #Autozero delay#\nSEQ 25 10 #Autozero delay#\nSEQ 25 10 #Autozero delay#\nSEQ 25 10 #Autozero delay#\nSEQ 25 10 #Autozero delay#\n'
160306	b'SEQ 26 11 #Autozero C#\nSEQ 26 11 #Autozero C#\nSEQ 26 11 #Autozero C#\nSEQ 26 11 #Autozero C#\nSEQ 26 11 #Autozero C#\nSEQ 26 11 #Autozero C#\nSEQ 26 11 #Autozero C#\nSEQ 26 11 #Autozero C#\nSEQ 26 11 #Autozero C#\nSEQ 26 11 #Autozero C#\n'
160307	b'SEQ 27 11 #Autozero C#\nSEQ 27 11 #Autozero C#\nSEQ 27 11 #Autozero C#\nSEQ 27 11 #Autozero C#\nSEQ 27 11 #Autozero C#\nSEQ 27 11 #Autozero C#\nSEQ 27 11 #Autozero C#\nSEQ 27 11 #Autozero C#\nSEQ 27 11 #Autozero C#\nSEQ 27 11 #Autozero C#\n'
160319	b'SEQ 28 12 #Basislinie#\nSEQ 28 12 #Basislinie#\nSEQ 28 12 #Basislinie#\nSEQ 28 12 #Basislinie#\nSEQ 28 12 #Basislinie#\nSEQ 28 12 #Basislinie#\nSEQ 28 12 #Basislinie#\nSEQ 28 12 #Basislinie#\nSEQ 28 12 #Basislinie#\nSEQ 28 12 #Basislinie#\n'
160322	b'SEQ 29 12 #Basislinie#\nSEQ 29 12 #Basislinie#\nSEQ 29 12 #Basislinie#\nSEQ 29 12 #Basislinie#\nSEQ 29 12 #Basislinie#\nSEQ 29 12 #Basislinie#\nSEQ 29 12 #Basislinie#\nSEQ 29 12 #Basislinie#\nSEQ 29 12 #Basislinie#\nSEQ 29 12 #Basislinie#\n'
160324	b'SEQ 30 13 #Int. delay C#\nSEQ 30 13 #Int. delay C#\nSEQ 30 13 #Int. delay C#\nSEQ 30 13 #Int. delay C#\nSEQ 30 13 #Int. delay C#\nSEQ 30 13 #Int. delay C#\nSEQ 30 13 #Int. delay C#\nSEQ 30 13 #Int. delay C#\nSEQ 30 13 #Int. delay C#\nSEQ 30 13 #Int. delay C#\n'
160327	b'SEQ 31 13 #Int. delay C#\nSEQ 31 13 #Int. delay C#\nSEQ 31 13 #Int. delay C#\nSEQ 31 13 #Int. delay C#\nSEQ 31 13 #Int. delay C#\nSEQ 31 13 #Int. delay C#\nSEQ 31 13 #Int. delay C#\nSEQ 31 13 #Int. delay C#\nSEQ 31 13 #Int. delay C#\nSEQ 31 13 #Int. delay C#\n'
160328	b'SEQ 32 14 #Integration C#\nSEQ 32 14 #Integration C#\nSEQ 32 14 #Integration C#\nSEQ 32 14 #Integration C#\nSEQ 32 14 #Integration C#\nSEQ 32 14 #Integration C#\nSEQ 32 14 #Integration C#\nSEQ 32 14 #Integration C#\nSEQ 32 14 #Integration C#\nSEQ 32 14 #Integration C#\n'
160552	b'SEQ 33 15 #Ads. column H#\nSEQ 33 15 #Ads. column H#\nSEQ 33 15 #Ads. column H#\nSEQ 33 15 #Ads. column H#\nSEQ 33 15 #Ads. column H#\nSEQ 33 15 #Ads. column H#\nSEQ 33 15 #Ads. column H#\nSEQ 33 15 #Ads. column H#\nSEQ 33 15 #Ads. column H#\nSEQ 33 15 #Ads. column H#\n'
160553	b'SEQ 34 15 #Ads. column H#\nSEQ 34 15 #Ads. column H#\nSEQ 34 15 #Ads. column H#\nSEQ 34 15 #Ads. column H#\nSEQ 34 15 #Ads. column H#\nSEQ 34 15 #Ads. column H#\nSEQ 34 15 #Ads. column H#\nSEQ 34 15 #Ads. column H#\nSEQ 34 15 #Ads. column H#\nSEQ 34 15 #Ads. column H#\n'
160557	b'PCT 17 C 40.991814\n'
160601	b'PCT 17 N 0.000000\n'
160653	b'SEQ 35 15 #Ads. column H#\nSEQ 35 15 #Ads. column H#\nSEQ 35 15 #Ads. column H#\nSEQ 35 15 #Ads. column H#\nSEQ 35 15 #Ads. column H#\nSEQ 35 15 #Ads. column H#\nSEQ 35 15 #Ads. column H#\nSEQ 35 15 #Ads. column H#\nSEQ 35 15 #Ads. column H#\nSEQ 35 15 #Ads. column H#\n'
160654	b'SEQ 36 15 #Ads. column H#\nSEQ 36 15 #Ads. column H#\nSEQ 36 15 #Ads. column H#\nSEQ 36 15 #Ads. column H#\nSEQ 36 15 #Ads. column H#\nSEQ 36 15 #Ads. column H#\nSEQ 36 15 #Ads. column H#\nSEQ 36 15 #Ads. column H#\nSEQ 36 15 #Ads. column H#\nSEQ 36 15 #Ads. column H#\n'
160655	b'SEQ 37 15 #Ads. column H#\nSEQ 37 15 #Ads. column H#\nSEQ 37 15 #Ads. column H#\nSEQ 37 15 #Ads. column H#\nSEQ 37 15 #Ads. column H#\nSEQ 37 15 #Ads. column H#\nSEQ 37 15 #Ads. column H#\nSEQ 37 15 #Ads. column H#\nSEQ 37 15 #Ads. column H#\nSEQ 37 15 #Ads. column H#\n'
160656	b'SEQ 38 16 #Cooling#\nSEQ 38 16 #Cooling#\nSEQ 38 16 #Cooling#\nSEQ 38 16 #Cooling#\nSEQ 38 16 #Cooling#\nSEQ 38 16 #Cooling#\nSEQ 38 16 #Cooling#\nSEQ 38 16 #Cooling#\nSEQ 38 16 #Cooling#\nSEQ 38 16 #Cooling#\n'
160740	b'SEQ 39 16 #Cooling#\nSEQ 39 16 #Cooling#\nSEQ 39 16 #Cooling#\nSEQ 39 16 #Cooling#\nSEQ 39 16 #Cooling#\nSEQ 39 16 #Cooling#\nSEQ 39 16 #Cooling#\nSEQ 39 16 #Cooling#\nSEQ 39 16 #Cooling#\nSEQ 39 16 #Cooling#\n'
160741	b'SEQ 40 16 #Cooling#\nSEQ 40 16 #Cooling#\nSEQ 40 16 #Cooling#\nSEQ 40 16 #Cooling#\nSEQ 40 16 #Cooling#\nSEQ 40 16 #Cooling#\nSEQ 40 16 #Cooling#\nSEQ 40 16 #Cooling#\nSEQ 40 16 #Cooling#\nSEQ 40 16 #Cooling#\n'
160742	b'SEQ 41 17 #End of analysis#\nSEQ 41 17 #End of analysis#\nSEQ 41 17 #End of analysis#\nSEQ 41 17 #End of analysis#\nSEQ 41 17 #End of analysis#\nSEQ 41 17 #End of analysis#\nSEQ 41 17 #End of analysis#\nSEQ 41 17 #End of analysis#\nSEQ 41 17 #End of analysis#\nSEQ 41 17 #End of analysis#\n'
160743	b'SEQ 42 18 #Error inquiry#\nSEQ 42 18 #Error inquiry#\nSEQ 42 18 #Error inquiry#\nSEQ 42 18 #Error inquiry#\nSEQ 42 18 #Error inquiry#\nSEQ 42 18 #Error inquiry#\nSEQ 42 18 #Error inquiry#\nSEQ 42 18 #Error inquiry#\nSEQ 42 18 #Error inquiry#\nSEQ 42 18 #Error inquiry#\n'
161141	b'STS READY\n'
161145	b'SINX 18\n'
161149	b'NAM 18 V2020\n'
161153	b'WGH 18 1.710000\n'
161200	b'STS RUN\n'
161211	b'SEQ 1 0 #*#\nSEQ 1 0 #*#\nSEQ 1 0 #*#\nSEQ 1 0 #*#\nSEQ 1 0 #*#\nSEQ 1 0 #*#\nSEQ 1 0 #*#\nSEQ 1 0 #*#\nSEQ 1 0 #*#\nSEQ 1 0 #*#\n'
161213	b'SEQ 2 0 #*#\nSEQ 2 0 #*#\nSEQ 2 0 #*#\nSEQ 2 0 #*#\nSEQ 2 0 #*#\nSEQ 2 0 #*#\nSEQ 2 0 #*#\nSEQ 2 0 #*#\nSEQ 2 0 #*#\nSEQ 2 0 #*#\n'
161214	b'SEQ 3 0 #*#\nSEQ 3 0 #*#\nSEQ 3 0 #*#\nSEQ 3 0 #*#\nSEQ 3 0 #*#\nSEQ 3 0 #*#\nSEQ 3 0 #*#\nSEQ 3 0 #*#\nSEQ 3 0 #*#\nSEQ 3 0 #*#\n'
161214	b'SEQ 4 1 #Autozero delay#\nSEQ 4 1 #Autozero delay#\nSEQ 4 1 #Autozero delay#\nSEQ 4 1 #Autozero delay#\nSEQ 4 1 #Autozero delay#\nSEQ 4 1 #Autozero delay#\nSEQ 4 1 #Autozero delay#\nSEQ 4 1 #Autozero delay#\nSEQ 4 1 #Autozero delay#\nSEQ 4 1 #Autozero delay#\n'
161225	b'SEQ 5 2 #Autozero#\nSEQ 5 2 #Autozero#\nSEQ 5 2 #Autozero#\nSEQ 5 2 #Autozero#\nSEQ 5 2 #Autozero#\nSEQ 5 2 #Autozero#\nSEQ 5 2 #Autozero#\nSEQ 5 2 #Autozero#\nSEQ 5 2 #Autozero#\nSEQ 5 2 #Autozero#\n'
161226	b'SEQ 6 2 #Autozero#\nSEQ 6 2 #Autozero#\nSEQ 6 2 #Autozero#\nSEQ 6 2 #Autozero#\nSEQ 6 2 #Autozero#\nSEQ 6 2 #Autozero#\nSEQ 6 2 #Autozero#\nSEQ 6 2 #Autozero#\nSEQ 6 2 #Autozero#\nSEQ 6 2 #Autozero#\n'
161238	b'SEQ 7 3 #Basislinie#\nSEQ 7 3 #Basislinie#\nSEQ 7 3 #Basislinie#\nSEQ 7 3 #Basislinie#\nSEQ 7 3 #Basislinie#\nSEQ 7 3 #Basislinie#\nSEQ 7 3 #Basislinie#\nSEQ 7 3 #Basislinie#\nSEQ 7 3 #Basislinie#\nSEQ 7 3 #Basislinie#\n'
161241	b'SEQ 8 3 #Basislinie#\nSEQ 8 3 #Basislinie#\nSEQ 8 3 #Basislinie#\nSEQ 8 3 #Basislinie#\nSEQ 8 3 #Basislinie#\nSEQ 8 3 #Basislinie#\nSEQ 8 3 #Basislinie#\nSEQ 8 3 #Basislinie#\nSEQ 8 3 #Basislinie#\nSEQ 8 3 #Basislinie#\nSEQ 8 3 #Basislinie#\n'
161242	b'SEQ 9 3 #Basislinie#\nSEQ 9 3 #Basislinie#\nSEQ 9 3 #Basislinie#\nSEQ 9 3 #Basislinie#\nSEQ 9 3 #Basislinie#\nSEQ 9 3 #Basislinie#\nSEQ 9 3 #Basislinie#\nSEQ 9 3 #Basislinie#\nSEQ 9 3 #Basislinie#\nSEQ 9 3 #Basislinie#\nSEQ 9 3 #Basislinie#\n'
161247	b'SEQ 10 3 #Basislinie#\nSEQ 10 3 #Basislinie#\nSEQ 10 3 #Basislinie#\nSEQ 10 3 #Basislinie#\nSEQ 10 3 #Basislinie#\nSEQ 10 3 #Basislinie#\nSEQ 10 3 #Basislinie#\nSEQ 10 3 #Basislinie#\nSEQ 10 3 #Basislinie#\nSEQ 10 3 #Basislinie#\nSEQ 10 3 #Basislinie#\n'
161253	b'SEQ 11 3 #Basislinie#\nSEQ 11 3 #Basislinie#\nSEQ 11 3 #Basislinie#\nSEQ 11 3 #Basislinie#\nSEQ 11 3 #Basislinie#\nSEQ 11 3 #Basislinie#\nSEQ 11 3 #Basislinie#\nSEQ 11 3 #Basislinie#\nSEQ 11 3 #Basislinie#\nSEQ 11 3 #Basislinie#\nSEQ 11 3 #Basislinie#\n'
161254	b'SEQ 12 3 #Basislinie#\nSEQ 12 3 #Basislinie#\nSEQ 12 3 #Basislinie#\nSEQ 12 3 #Basislinie#\nSEQ 12 3 #Basislinie#\nSEQ 12 3 #Basislinie#\nSEQ 12 3 #Basislinie#\nSEQ 12 3 #Basislinie#\nSEQ 12 3 #Basislinie#\nSEQ 12 3 #Basislinie#\nSEQ 12 3 #Basislinie#\n'
161255	b'SEQ 13 4 #Feeding#\nSEQ 13 4 #Feeding#\nSEQ 13 4 #Feeding#\nSEQ 13 4 #Feeding#\nSEQ 13 4 #Feeding#\nSEQ 13 4 #Feeding#\nSEQ 13 4 #Feeding#\nSEQ 13 4 #Feeding#\nSEQ 13 4 #Feeding#\nSEQ 13 4 #Feeding#\nSEQ 13 4 #Feeding#\n'
161259	b'SEQ 14 5 #Flush#\nSEQ 14 5 #Flush#\nSEQ 14 5 #Flush#\nSEQ 14 5 #Flush#\nSEQ 14 5 #Flush#\nSEQ 14 5 #Flush#\nSEQ 14 5 #Flush#\nSEQ 14 5 #Flush#\nSEQ 14 5 #Flush#\nSEQ 14 5 #Flush#\nSEQ 14 5 #Flush#\n'
161320	b'SEQ 15 6 #Throw-in sample#\nSEQ 15 6 #Throw-in sample#\nSEQ 15 6 #Throw-in sample#\nSEQ 15 6 #Throw-in sample#\nSEQ 15 6 #Throw-in sample#\nSEQ 15 6 #Throw-in sample#\nSEQ 15 6 #Throw-in sample#\nSEQ 15 6 #Throw-in sample#\nSEQ 15 6 #Throw-in sample#\nSEQ 15 6 #Throw-in sample#\nSEQ 15 6 #Throw-in sample#\n'
161325	b'SEQ 16 6 #Throw-in sample#\nSEQ 16 6 #Throw-in sample#\nSEQ 16 6 #Throw-in sample#\nSEQ 16 6 #Throw-in sample#\nSEQ 16 6 #Throw-in sample#\nSEQ 16 6 #Throw-in sample#\nSEQ 16 6 #Throw-in sample#\nSEQ 16 6 #Throw-in sample#\nSEQ 16 6 #Throw-in sample#\nSEQ 16 6 #Throw-in sample#\nSEQ 16 6 #Throw-in sample#\n'
161326	b'SEQ 17 6 #Throw-in sample#\nSEQ 17 6 #Throw-in sample#\nSEQ 17 6 #Throw-in sample#\nSEQ 17 6 #Throw-in sample#\nSEQ 17 6 #Throw-in sample#\nSEQ 17 6 #Throw-in sample#\nSEQ 17 6 #Throw-in sample#\nSEQ 17 6 #Throw-in sample#\nSEQ 17 6 #Throw-in sample#\nSEQ 17 6 #Throw-in sample#\nSEQ 17 6 #Throw-in sample#\n'
161327	b'SEQ 18 6 #Throw-in sample#\nSEQ 18 6 #Throw-in sample#\nSEQ 18 6 #Throw-in sample#\nSEQ 18 6 #Throw-in sample#\nSEQ 18 6 #Throw-in sample#\nSEQ 18 6 #Throw-in sample#\nSEQ 18 6 #Throw-in sample#\nSEQ 18 6 #Throw-in sample#\nSEQ 18 6 #Throw-in sample#\nSEQ 18 6 #Throw-in sample#\nSEQ 18 6 #Throw-in sample#\n'
161328	b'SEQ 19 6 #Throw-in sample#\nSEQ 19 6 #Throw-in sample#\nSEQ 19 6 #Throw-in sample#\nSEQ 19 6 #Throw-in sample#\nSEQ 19 6 #Throw-in sample#\nSEQ 19 6 #Throw-in sample#\nSEQ 19 6 #Throw-in sample#\nSEQ 19 6 #Throw-in sample#\nSEQ 19 6 #Throw-in sample#\nSEQ 19 6 #Throw-in sample#\nSEQ 19 6 #Throw-in sample#\n'
161332	b'SEQ 20 7 #Int. delay N#\nSEQ 20 7 #Int. delay N#\nSEQ 20 7 #Int. delay N#\nSEQ 20 7 #Int. delay N#\nSEQ 20 7 #Int. delay N#\nSEQ 20 7 #Int. delay N#\nSEQ 20 7 #Int. delay N#\nSEQ 20 7 #Int. delay N#\nSEQ 20 7 #Int. delay N#\nSEQ 20 7 #Int. delay N#\nSEQ 20 7 #Int. delay N#\n'
161352	b'SEQ 21 7 #Int. delay N#\nSEQ 21 7 #Int. delay N#\nSEQ 21 7 #Int. delay N#\nSEQ 21 7 #Int. delay N#\nSEQ 21 7 #Int. delay N#\nSEQ 21 7 #Int. delay N#\nSEQ 21 7 #Int. delay N#\nSEQ 21 7 #Int. delay N#\nSEQ 21 7 #Int. delay N#\nSEQ 21 7 #Int. delay N#\nSEQ 21 7 #Int. delay N#\n'
161353	b'SEQ 22 8 #Integration N#\nSEQ 22 8 #Integration N#\nSEQ 22 8 #Integration N#\nSEQ 22 8 #Integration N#\nSEQ 22 8 #Integration N#\nSEQ 22 8 #Integration N#\nSEQ 22 8 #Integration N#\nSEQ 22 8 #Integration N#\nSEQ 22 8 #Integration N#\nSEQ 22 8 #Integration N#\nSEQ 22 8 #Integration N#\n'
161527	b'SEQ 23 9 #Ads. column C#\nSEQ 23 9 #Ads. column C#\nSEQ 23 9 #Ads. column C#\nSEQ 23 9 #Ads. column C#\nSEQ 23 9 #Ads. column C#\nSEQ 23 9 #Ads. column C#\nSEQ 23 9 #Ads. column C#\nSEQ 23 9 #Ads. column C#\nSEQ 23 9 #Ads. column C#\nSEQ 23 9 #Ads. column C#\nSEQ 23 9 #Ads. column C#\n'
161528	b'SEQ 24 9 #Ads. column C#\nSEQ 24 9 #Ads. column C#\nSEQ 24 9 #Ads. column C#\nSEQ 24 9 #Ads. column C#\nSEQ 24 9 #Ads. column C#\nSEQ 24 9 #Ads. column C#\nSEQ 24 9 #Ads. column C#\nSEQ 24 9 #Ads. column C#\nSEQ 24 9 #Ads. column C#\nSEQ 24 9 #Ads. column C#\nSEQ 24 9 #Ads. column C#\n'
161529	b'SEQ 25 10 #Autozero delay#\nSEQ 25 10 #Autozero delay#\nSEQ 25 10 #Autozero delay#\nSEQ 25 10 #Autozero delay#\nSEQ 25 10 #Autozero delay#\nSEQ 25 10 #Autozero delay#\nSEQ 25 10 #Autozero delay#\nSEQ 25 10 #Autozero delay#\nSEQ 25 10 #Autozero delay#\nSEQ 25 10 #Autozero delay#\nSEQ 25 10 #Autozero delay#\n'
161546	b'SEQ 26 11 #Autozero C#\nSEQ 26 11 #Autozero C#\nSEQ 26 11 #Autozero C#\nSEQ 26 11 #Autozero C#\nSEQ 26 11 #Autozero C#\nSEQ 26 11 #Autozero C#\nSEQ 26 11 #Autozero C#\nSEQ 26 11 #Autozero C#\nSEQ 26 11 #Autozero C#\nSEQ 26 11 #Autozero C#\nSEQ 26 11 #Autozero C#\n'
161546	b'SEQ 27 11 #Autozero C#\nSEQ 27 11 #Autozero C#\nSEQ 27 11 #Autozero C#\nSEQ 27 11 #Autozero C#\nSEQ 27 11 #Autozero C#\nSEQ 27 11 #Autozero C#\nSEQ 27 11 #Autozero C#\nSEQ 27 11 #Autozero C#\nSEQ 27 11 #Autozero C#\nSEQ 27 11 #Autozero C#\nSEQ 27 11 #Autozero C#\n'
161559	b'SEQ 28 12 #Basislinie#\nSEQ 28 12 #Basislinie#\nSEQ 28 12 #Basislinie#\nSEQ 28 12 #Basislinie#\nSEQ 28 12 #Basislinie#\nSEQ 28 12 #Basislinie#\nSEQ 28 12 #Basislinie#\nSEQ 28 12 #Basislinie#\nSEQ 28 12 #Basislinie#\nSEQ 28 12 #Basislinie#\nSEQ 28 12 #Basislinie#\n'
161602	b'SEQ 29 12 #Basislinie#\nSEQ 29 12 #Basislinie#\nSEQ 29 12 #Basislinie#\nSEQ 29 12 #Basislinie#\nSEQ 29 12 #Basislinie#\nSEQ 29 12 #Basislinie#\nSEQ 29 12 #Basislinie#\nSEQ 29 12 #Basislinie#\nSEQ 29 12 #Basislinie#\nSEQ 29 12 #Basislinie#\nSEQ 29 12 #Basislinie#\n'
161604	b'SEQ 30 13 #Int. delay C#\nSEQ 30 13 #Int. delay C#\nSEQ 30 13 #Int. delay C#\nSEQ 30 13 #Int. delay C#\nSEQ 30 13 #Int. delay C#\nSEQ 30 13 #Int. delay C#\nSEQ 30 13 #Int. delay C#\nSEQ 30 13 #Int. delay C#\nSEQ 30 13 #Int. delay C#\nSEQ 30 13 #Int. delay C#\nSEQ 30 13 #Int. delay C#\n'
161607	b'SEQ 31 13 #Int. delay C#\nSEQ 31 13 #Int. delay C#\nSEQ 31 13 #Int. delay C#\nSEQ 31 13 #Int. delay C#\nSEQ 31 13 #Int. delay C#\nSEQ 31 13 #Int. delay C#\nSEQ 31 13 #Int. delay C#\nSEQ 31 13 #Int. delay C#\nSEQ 31 13 #Int. delay C#\nSEQ 31 13 #Int. delay C#\nSEQ 31 13 #Int. delay C#\n'
161608	b'SEQ 32 14 #Integration C#\nSEQ 32 14 #Integration C#\nSEQ 32 14 #Integration C#\nSEQ 32 14 #Integration C#\nSEQ 32 14 #Integration C#\nSEQ 32 14 #Integration C#\nSEQ 32 14 #Integration C#\nSEQ 32 14 #Integration C#\nSEQ 32 14 #Integration C#\nSEQ 32 14 #Integration C#\nSEQ 32 14 #Integration C#\n'
161833	b'SEQ 33 15 #Ads. column H#\nSEQ 33 15 #Ads. column H#\nSEQ 33 15 #Ads. column H#\nSEQ 33 15 #Ads. column H#\nSEQ 33 15 #Ads. column H#\nSEQ 33 15 #Ads. column H#\nSEQ 33 15 #Ads. column H#\nSEQ 33 15 #Ads. column H#\nSEQ 33 15 #Ads. column H#\nSEQ 33 15 #Ads. column H#\nSEQ 33 15 #Ads. column H#\n'
161834	b'SEQ 34 15 #Ads. column H#\nSEQ 34 15 #Ads. column H#\nSEQ 34 15 #Ads. column H#\nSEQ 34 15 #Ads. column H#\nSEQ 34 15 #Ads. column H#\nSEQ 34 15 #Ads. column H#\nSEQ 34 15 #Ads. column H#\nSEQ 34 15 #Ads. column H#\nSEQ 34 15 #Ads. column H#\nSEQ 34 15 #Ads. column H#\nSEQ 34 15 #Ads. column H#\n'
161838	b'PCT 18 C 41.136410\n'
161842	b'PCT 18 N 0.000000\n'
161935	b'SEQ 35 15 #Ads. column H#\nSEQ 35 15 #Ads. column H#\nSEQ 35 15 #Ads. column H#\nSEQ 35 15 #Ads. column H#\nSEQ 35 15 #Ads. column H#\nSEQ 35 15 #Ads. column H#\nSEQ 35 15 #Ads. column H#\nSEQ 35 15 #Ads. column H#\nSEQ 35 15 #Ads. column H#\nSEQ 35 15 #Ads. column H#\nSEQ 35 15 #Ads. column H#\n'
161936	b'SEQ 36 15 #Ads. column H#\nSEQ 36 15 #Ads. column H#\nSEQ 36 15 #Ads. column H#\nSEQ 36 15 #Ads. column H#\nSEQ 36 15 #Ads. column H#\nSEQ 36 15 #Ads. column H#\nSEQ 36 15 #Ads. column H#\nSEQ 36 15 #Ads. column H#\nSEQ 36 15 #Ads. column H#\nSEQ 36 15 #Ads. column H#\nSEQ 36 15 #Ads. column H#\n'
161937	b'SEQ 37 15 #Ads. column H#\nSEQ 37 15 #Ads. column H#\nSEQ 37 15 #Ads. column H#\nSEQ 37 15 #Ads. column H#\nSEQ 37 15 #Ads. column H#\nSEQ 37 15 #Ads. column H#\nSEQ 37 15 #Ads. column H#\nSEQ 37 15 #Ads. column H#\nSEQ 37 15 #Ads. column H#\nSEQ 37 15 #Ads. column H#\nSEQ 37 15 #Ads. column H#\n'
161938	b'SEQ 38 16 #Cooling#\nSEQ 38 16 #Cooling#\nSEQ 38 16 #Cooling#\nSEQ 38 16 #Cooling#\nSEQ 38 16 #Cooling#\nSEQ 38 16 #Cooling#\nSEQ 38 16 #Cooling#\nSEQ 38 16 #Cooling#\nSEQ 38 16 #Cooling#\nSEQ 38 16 #Cooling#\nSEQ 38 16 #Cooling#\n'
162020	b'SEQ 39 16 #Cooling#\nSEQ 39 16 #Cooling#\nSEQ 39 16 #Cooling#\nSEQ 39 16 #Cooling#\nSEQ 39 16 #Cooling#\nSEQ 39 16 #Cooling#\nSEQ 39 16 #Cooling#\nSEQ 39 16 #Cooling#\nSEQ 39 16 #Cooling#\nSEQ 39 16 #Cooling#\nSEQ 39 16 #Cooling#\n'
162021	b'SEQ 40 16 #Cooling#\nSEQ 40 16 #Cooling#\nSEQ 40 16 #Cooling#\nSEQ 40 16 #Cooling#\nSEQ 40 16 #Cooling#\nSEQ 40 16 #Cooling#\nSEQ 40 16 #Cooling#\nSEQ 40 16 #Cooling#\nSEQ 40 16 #Cooling#\nSEQ 40 16 #Cooling#\nSEQ 40 16 #Cooling#\n'
162022	b'SEQ 41 17 #End of analysis#\nSEQ 41 17 #End of analysis#\nSEQ 41 17 #End of analysis#\nSEQ 41 17 #End of analysis#\nSEQ 41 17 #End of analysis#\nSEQ 41 17 #End of analysis#\nSEQ 41 17 #End of analysis#\nSEQ 41 17 #End of analysis#\nSEQ 41 17 #End of analysis#\nSEQ 41 17 #End of analysis#\nSEQ 41 17 #End of analysis#\n'
162023	b'SEQ 42 18 #Error inquiry#\nSEQ 42 18 #Error inquiry#\nSEQ 42 18 #Error inquiry#\nSEQ 42 18 #Error inquiry#\nSEQ 42 18 #Error inquiry#\nSEQ 42 18 #Error inquiry#\nSEQ 42 18 #Error inquiry#\nSEQ 42 18 #Error inquiry#\nSEQ 42 18 #Error inquiry#\nSEQ 42 18 #Error inquiry#\nSEQ 42 18 #Error inquiry#\n'